The system is: Linux - 3.10.0-957.5.1.el7.x86_64 - x86_64
Compiling the C compiler identification source file "CMakeCCompilerId.c" succeeded.
Compiler: /opt/intel/compilers_and_libraries_2017.4.196/linux/bin/intel64/icc 
Build flags: 
Id flags:  

The output was:
0


Compilation of the C compiler identification source "CMakeCCompilerId.c" produced "a.out"

The C compiler identification is Intel, found in "/work2/04637/mdl2665/stampede2/NEMSlite/CMakeFiles/3.16.1/CompilerIdC/a.out"

Compiling the CXX compiler identification source file "CMakeCXXCompilerId.cpp" succeeded.
Compiler: /opt/intel/compilers_and_libraries_2017.4.196/linux/bin/intel64/icpc 
Build flags: 
Id flags:  

The output was:
0


Compilation of the CXX compiler identification source "CMakeCXXCompilerId.cpp" produced "a.out"

The CXX compiler identification is Intel, found in "/work2/04637/mdl2665/stampede2/NEMSlite/CMakeFiles/3.16.1/CompilerIdCXX/a.out"

Determining if the C compiler works passed with the following output:
Change Dir: /work2/04637/mdl2665/stampede2/NEMSlite/CMakeFiles/CMakeTmp

Run Build Command(s):/bin/gmake cmTC_48e10/fast && /bin/gmake -f CMakeFiles/cmTC_48e10.dir/build.make CMakeFiles/cmTC_48e10.dir/build
gmake[1]: Entering directory `/work2/04637/mdl2665/stampede2/NEMSlite/CMakeFiles/CMakeTmp'
Building C object CMakeFiles/cmTC_48e10.dir/testCCompiler.c.o
/opt/intel/compilers_and_libraries_2017.4.196/linux/bin/intel64/icc    -o CMakeFiles/cmTC_48e10.dir/testCCompiler.c.o   -c /work2/04637/mdl2665/stampede2/NEMSlite/CMakeFiles/CMakeTmp/testCCompiler.c
Linking C executable cmTC_48e10
/opt/apps/cmake/3.16.1/bin/cmake -E cmake_link_script CMakeFiles/cmTC_48e10.dir/link.txt --verbose=1
/opt/intel/compilers_and_libraries_2017.4.196/linux/bin/intel64/icc      -rdynamic CMakeFiles/cmTC_48e10.dir/testCCompiler.c.o  -o cmTC_48e10 
gmake[1]: Leaving directory `/work2/04637/mdl2665/stampede2/NEMSlite/CMakeFiles/CMakeTmp'



Detecting C compiler ABI info compiled with the following output:
Change Dir: /work2/04637/mdl2665/stampede2/NEMSlite/CMakeFiles/CMakeTmp

Run Build Command(s):/bin/gmake cmTC_5d895/fast && /bin/gmake -f CMakeFiles/cmTC_5d895.dir/build.make CMakeFiles/cmTC_5d895.dir/build
gmake[1]: Entering directory `/work2/04637/mdl2665/stampede2/NEMSlite/CMakeFiles/CMakeTmp'
Building C object CMakeFiles/cmTC_5d895.dir/CMakeCCompilerABI.c.o
/opt/intel/compilers_and_libraries_2017.4.196/linux/bin/intel64/icc   -v -o CMakeFiles/cmTC_5d895.dir/CMakeCCompilerABI.c.o   -c /opt/apps/cmake/3.16.1/share/cmake-3.16/Modules/CMakeCCompilerABI.c
icc version 17.0.4 (gcc version 5.4.0 compatibility)
/opt/intel/compilers_and_libraries_2017.4.196/linux/bin/intel64/mcpcom    --target_efi2 --lang=c -_g -mP3OPT_inline_alloca -D__ICC=1700 -D__INTEL_COMPILER=1700 -D__INTEL_COMPILER_UPDATE=4 -D__PTRDIFF_TYPE__=long "-D__SIZE_TYPE__=unsigned long" -D__WCHAR_TYPE__=int "-D__WINT_TYPE__=unsigned int" "-D__INTMAX_TYPE__=long int" "-D__UINTMAX_TYPE__=long unsigned int" -D__LONG_MAX__=9223372036854775807L -D__QMSPP_ -D__OPTIMIZE__ -D__NO_MATH_INLINES -D__NO_STRING_INLINES -D__GNUC_GNU_INLINE__ -D__GNUC__=5 -D__GNUC_MINOR__=4 -D__GNUC_PATCHLEVEL__=0 -D__LP64__ -D_LP64 -D__GXX_ABI_VERSION=1009 "-D__USER_LABEL_PREFIX__= " -D__REGISTER_PREFIX__= -D__INTEL_RTTI__ -D__unix__ -D__unix -D__linux__ -D__linux -D__gnu_linux__ -B -Dunix -Dlinux "-_Asystem(unix)" -D__ELF__ -D__x86_64 -D__x86_64__ -D__amd64 -D__amd64__ "-_Acpu(x86_64)" "-_Amachine(x86_64)" -D__INTEL_COMPILER_BUILD_DATE=20170411 -D__INTEL_OFFLOAD -D__i686 -D__i686__ -D__pentiumpro -D__pentiumpro__ -D__pentium4 -D__pentium4__ -D__tune_pentium4__ -D__SSE2__ -D__SSE2_MATH__ -D__SSE__ -D__SSE_MATH__ -D__MMX__ -_k -_8 -_l --has_new_stdarg_support -_a -_b --gnu_version=50400 -_W5 --gcc-extern-inline --multibyte_chars -mGLOB_diag_suppress_sys --array_section --simd --simd_func --offload_mode=1 --offload_target_names=gfx,GFX,mic,MIC --offload_unique_string=icc1439316165UExJW0 -mGLOB_em64t=TRUE -mP1OPT_version=17.0-intel64 -mGLOB_diag_file=CMakeFiles/cmTC_5d895.dir/CMakeCCompilerABI.c.diag -mGLOB_long_size_64 -mGLOB_routine_pointer_size_64 -mP1OPT_print_version=FALSE -mCG_use_gas_got_workaround=F -mP2OPT_align_option_used=TRUE -mGLOB_gcc_version=540 "-mGLOB_options_string=-v -o CMakeFiles/cmTC_5d895.dir/CMakeCCompilerABI.c.o -c" -mGLOB_cxx_limited_range=FALSE -mCG_extend_parms=FALSE -mGLOB_compiler_bin_directory=/opt/intel/compilers_and_libraries_2017.4.196/linux/bin/intel64 -mGLOB_as_output_backup_file_name=/tmp/iccgaONXxas_.s -mIPOPT_activate -mIPOPT_lite -mGLOB_instruction_tuning=0x0 -mGLOB_uarch_tuning=0x0 -mGLOB_product_id_code=0x22006d91 -mCG_bnl_movbe=T -mGLOB_extended_instructions=0x8 -mP3OPT_use_mspp_call_convention -mP2OPT_subs_out_of_bound=FALSE -mP2OPT_disam_type_based_disam=2 -mP2OPT_disam_assume_ansi_c -mP2OPT_checked_disam_ansi_alias=TRUE -mGLOB_ansi_alias -mPGOPTI_value_profile_use=T -mP2OPT_il0_array_sections=TRUE -mGLOB_offload_mode=1 -mP2OPT_offload_unique_var_string=icc1439316165UExJW0 -mP2OPT_hlo_level=2 -mP2OPT_hlo -mP2OPT_hpo_rtt_control=0 -mIPOPT_args_in_regs=0 -mP2OPT_disam_assume_nonstd_intent_in=FALSE -mGLOB_imf_mapping_library=/opt/intel/compilers_and_libraries_2017.4.196/linux/bin/intel64/libiml_attr.so -mPGOPTI_gen_threadsafe_level=0 -mIPOPT_lto_object_enabled -mIPOPT_lto_object_value=1 -mIPOPT_obj_output_file_name=CMakeFiles/cmTC_5d895.dir/CMakeCCompilerABI.c.o -mIPOPT_whole_archive_fixup_file_name=/tmp/iccwarch8xadQy -mGLOB_linker_version=2.26.20160125 -mGLOB_driver_tempfile_name=/tmp/icctempfileI1ERi4 -mP3OPT_asm_target=P3OPT_ASM_TARGET_GAS -mGLOB_async_unwind_tables=TRUE -mGLOB_obj_output_file=CMakeFiles/cmTC_5d895.dir/CMakeCCompilerABI.c.o -mGLOB_source_dialect=GLOB_SOURCE_DIALECT_C -mP1OPT_source_file_name=/opt/apps/cmake/3.16.1/share/cmake-3.16/Modules/CMakeCCompilerABI.c -mP1OPT_full_source_file_name=/opt/apps/cmake/3.16.1/share/cmake-3.16/Modules/CMakeCCompilerABI.c /opt/apps/cmake/3.16.1/share/cmake-3.16/Modules/CMakeCCompilerABI.c
#include "..." search starts here:
#include <...> search starts here:
 /opt/intel/compilers_and_libraries_2017.4.196/linux/daal/include
 /opt/intel/compilers_and_libraries_2017.4.196/linux/tbb/include
 /opt/intel/compilers_and_libraries_2017.4.196/linux/mkl/include
 /opt/intel/compilers_and_libraries_2017.4.196/linux/ipp/include
 /opt/intel/compilers_and_libraries_2017.4.196/linux/compiler/include/intel64
 /opt/intel/compilers_and_libraries_2017.4.196/linux/compiler/include/icc
 /opt/intel/compilers_and_libraries_2017.4.196/linux/compiler/include
 /usr/local/include
 /opt/apps/gcc/5.4.0/lib/gcc/x86_64-unknown-linux-gnu/5.4.0/include
 /opt/apps/gcc/5.4.0/lib/gcc/x86_64-unknown-linux-gnu/5.4.0/include-fixed
 /opt/apps/gcc/5.4.0/include/
 /usr/include
End of search list.
Linking C executable cmTC_5d895
/opt/apps/cmake/3.16.1/bin/cmake -E cmake_link_script CMakeFiles/cmTC_5d895.dir/link.txt --verbose=1
/opt/intel/compilers_and_libraries_2017.4.196/linux/bin/intel64/icc     -v -rdynamic CMakeFiles/cmTC_5d895.dir/CMakeCCompilerABI.c.o  -o cmTC_5d895 
icc version 17.0.4 (gcc version 5.4.0 compatibility)
/opt/intel/compilers_and_libraries_2017.4.196/linux/bin/intel64/mcpcom    -mGLOB_em64t=TRUE -mP1OPT_version=17.0-intel64 -mGLOB_diag_file=CMakeFiles/cmTC_5d895.dir/CMakeCCompilerABI.c.diag -mGLOB_long_size_64 -mGLOB_routine_pointer_size_64 -mP1OPT_print_version=FALSE -mCG_use_gas_got_workaround=F -mP2OPT_align_option_used=TRUE -mGLOB_gcc_version=540 "-mGLOB_options_string=-v -rdynamic -o cmTC_5d895" -mGLOB_cxx_limited_range=FALSE -mCG_extend_parms=FALSE -mGLOB_compiler_bin_directory=/opt/intel/compilers_and_libraries_2017.4.196/linux/bin/intel64 -mGLOB_as_output_backup_file_name=/tmp/iccQgjJBBas_.s -mGLOB_dashboard_use_source_name -mIPOPT_activate -mGLOB_product_id_code=0x22006d91 -mP3OPT_use_mspp_call_convention -mP2OPT_subs_out_of_bound=FALSE -mP2OPT_disam_type_based_disam=2 -mP2OPT_disam_assume_ansi_c -mP2OPT_checked_disam_ansi_alias=TRUE -mGLOB_ansi_alias -mPGOPTI_value_profile_use=T -mGLOB_opt_report_use_source_name -mP2OPT_il0_array_sections=TRUE -mGLOB_offload_mode=1 -mP2OPT_offload_unique_var_string=icc1545134977E5kosg -mP2OPT_hlo -mP2OPT_hpo_rtt_control=0 -mIPOPT_args_in_regs=0 -mP2OPT_disam_assume_nonstd_intent_in=FALSE -mGLOB_imf_mapping_library=/opt/intel/compilers_and_libraries_2017.4.196/linux/bin/intel64/libiml_attr.so -mPGOPTI_gen_threadsafe_level=0 -mIPOPT_link -mIPOPT_ipo_activate -mIPOPT_mo_activate -mIPOPT_source_files_list=/tmp/iccslis2fXjH3 -mIPOPT_mo_global_data -mIPOPT_link_script_file=/tmp/iccscriptOsDmFz "-mIPOPT_cmdline_link="/lib/../lib64/crt1.o" "/lib/../lib64/crti.o" "/opt/apps/gcc/5.4.0/lib/gcc/x86_64-unknown-linux-gnu/5.4.0/crtbegin.o" "-export-dynamic" "--eh-frame-hdr" "--build-id" "-dynamic-linker" "/lib64/ld-linux-x86-64.so.2" "-m" "elf_x86_64" "-o" "cmTC_5d895" "-L/opt/intel/compilers_and_libraries_2017.4.196/linux/daal/../tbb/lib/intel64_lin/gcc4.4" "-L/opt/intel/compilers_and_libraries_2017.4.196/linux/daal/lib/intel64_lin" "-L/opt/intel/compilers_and_libraries_2017.4.196/linux/tbb/lib/intel64/gcc4.7" "-L/opt/intel/compilers_and_libraries_2017.4.196/linux/mkl/lib/intel64_lin" "-L/opt/intel/compilers_and_libraries_2017.4.196/linux/compiler/lib/intel64_lin" "-L/opt/intel/compilers_and_libraries_2017.4.196/linux/ipp/lib/intel64" "-L/opt/intel/compilers_and_libraries_2017.4.196/linux/compiler/lib/intel64_lin" "-L/opt/apps/gcc/5.4.0/lib/gcc/x86_64-unknown-linux-gnu/5.4.0/" "-L/opt/apps/gcc/5.4.0/lib/gcc/x86_64-unknown-linux-gnu/5.4.0/../../../../lib64" "-L/opt/apps/gcc/5.4.0/lib/gcc/x86_64-unknown-linux-gnu/5.4.0/../../../../lib64/" "-L/lib/../lib64" "-L/lib/../lib64/" "-L/usr/lib/../lib64" "-L/usr/lib/../lib64/" "-L/opt/intel/compilers_and_libraries_2017.4.196/linux/daal/../tbb/lib/intel64_lin/gcc4.4/" "-L/opt/intel/compilers_and_libraries_2017.4.196/linux/daal/lib/intel64_lin/" "-L/opt/intel/compilers_and_libraries_2017.4.196/linux/tbb/lib/intel64/gcc4.7/" "-L/opt/intel/compilers_and_libraries_2017.4.196/linux/mkl/lib/intel64_lin/" "-L/opt/intel/compilers_and_libraries_2017.4.196/linux/compiler/lib/intel64_lin/" "-L/opt/intel/compilers_and_libraries_2017.4.196/linux/ipp/lib/intel64/" "-L/opt/apps/gcc/5.4.0/lib/gcc/x86_64-unknown-linux-gnu/5.4.0/../../../" "-L/lib64" "-L/lib/" "-L/usr/lib64" "-L/usr/lib" "CMakeFiles/cmTC_5d895.dir/CMakeCCompilerABI.c.o" "-Bdynamic" "-Bstatic" "-limf" "-lsvml" "-lirng" "-Bdynamic" "-lm" "-Bstatic" "-lipgo" "-ldecimal" "--as-needed" "-Bdynamic" "-lcilkrts" "-lstdc++" "--no-as-needed" "-lgcc" "-lgcc_s" "-Bstatic" "-lirc" "-lsvml" "-Bdynamic" "-lc" "-lgcc" "-lgcc_s" "-Bstatic" "-lirc_s" "-Bdynamic" "-ldl" "-lc" "/opt/apps/gcc/5.4.0/lib/gcc/x86_64-unknown-linux-gnu/5.4.0/crtend.o" "/lib/../lib64/crtn.o"" -mIPOPT_il_in_obj -mIPOPT_ipo_activate_warn=FALSE -mIPOPT_obj_output_file_name=/tmp/ipo_iccsu64SX.o -mIPOPT_whole_archive_fixup_file_name=/tmp/iccwarch6p87C9 -mGLOB_linker_version=2.26.20160125 -mGLOB_driver_tempfile_name=/tmp/icctempfileSEFUEF -mP3OPT_asm_target=P3OPT_ASM_TARGET_GAS -mGLOB_async_unwind_tables=TRUE -mGLOB_obj_output_file=/tmp/ipo_iccsu64SX.o -mGLOB_source_dialect=GLOB_SOURCE_DIALECT_NONE -mP1OPT_source_file_name=ipo_out.c CMakeFiles/cmTC_5d895.dir/CMakeCCompilerABI.c.o -mIPOPT_object_files=T -mIPOPT_assembly_files=/tmp/iccalisgdP7OZ -mIPOPT_generated_tempfiles=/tmp/iccelisUf4aNv -mIPOPT_embedded_object_base_name=/tmp/icceobjMuaeL1 -mIPOPT_cmdline_link_new_name=/tmp/iccllissu8gJx
ld    /lib/../lib64/crt1.o /lib/../lib64/crti.o /opt/apps/gcc/5.4.0/lib/gcc/x86_64-unknown-linux-gnu/5.4.0/crtbegin.o -export-dynamic --eh-frame-hdr --build-id -dynamic-linker /lib64/ld-linux-x86-64.so.2 -m elf_x86_64 -o cmTC_5d895 -L/opt/intel/compilers_and_libraries_2017.4.196/linux/daal/../tbb/lib/intel64_lin/gcc4.4 -L/opt/intel/compilers_and_libraries_2017.4.196/linux/daal/lib/intel64_lin -L/opt/intel/compilers_and_libraries_2017.4.196/linux/tbb/lib/intel64/gcc4.7 -L/opt/intel/compilers_and_libraries_2017.4.196/linux/mkl/lib/intel64_lin -L/opt/intel/compilers_and_libraries_2017.4.196/linux/compiler/lib/intel64_lin -L/opt/intel/compilers_and_libraries_2017.4.196/linux/ipp/lib/intel64 -L/opt/intel/compilers_and_libraries_2017.4.196/linux/compiler/lib/intel64_lin -L/opt/apps/gcc/5.4.0/lib/gcc/x86_64-unknown-linux-gnu/5.4.0/ -L/opt/apps/gcc/5.4.0/lib/gcc/x86_64-unknown-linux-gnu/5.4.0/../../../../lib64 -L/opt/apps/gcc/5.4.0/lib/gcc/x86_64-unknown-linux-gnu/5.4.0/../../../../lib64/ -L/lib/../lib64 -L/lib/../lib64/ -L/usr/lib/../lib64 -L/usr/lib/../lib64/ -L/opt/intel/compilers_and_libraries_2017.4.196/linux/daal/../tbb/lib/intel64_lin/gcc4.4/ -L/opt/intel/compilers_and_libraries_2017.4.196/linux/daal/lib/intel64_lin/ -L/opt/intel/compilers_and_libraries_2017.4.196/linux/tbb/lib/intel64/gcc4.7/ -L/opt/intel/compilers_and_libraries_2017.4.196/linux/mkl/lib/intel64_lin/ -L/opt/intel/compilers_and_libraries_2017.4.196/linux/compiler/lib/intel64_lin/ -L/opt/intel/compilers_and_libraries_2017.4.196/linux/ipp/lib/intel64/ -L/opt/apps/gcc/5.4.0/lib/gcc/x86_64-unknown-linux-gnu/5.4.0/../../../ -L/lib64 -L/lib/ -L/usr/lib64 -L/usr/lib CMakeFiles/cmTC_5d895.dir/CMakeCCompilerABI.c.o -Bdynamic -Bstatic -limf -lsvml -lirng -Bdynamic -lm -Bstatic -lipgo -ldecimal --as-needed -Bdynamic -lcilkrts -lstdc++ --no-as-needed -lgcc -lgcc_s -Bstatic -lirc -lsvml -Bdynamic -lc -lgcc -lgcc_s -Bstatic -lirc_s -Bdynamic -ldl -lc /opt/apps/gcc/5.4.0/lib/gcc/x86_64-unknown-linux-gnu/5.4.0/crtend.o /lib/../lib64/crtn.o
gmake[1]: Leaving directory `/work2/04637/mdl2665/stampede2/NEMSlite/CMakeFiles/CMakeTmp'



Parsed C implicit include dir info from above output: rv=done
  found start of include info
  found start of implicit include info
    add: [/opt/intel/compilers_and_libraries_2017.4.196/linux/daal/include]
    add: [/opt/intel/compilers_and_libraries_2017.4.196/linux/tbb/include]
    add: [/opt/intel/compilers_and_libraries_2017.4.196/linux/mkl/include]
    add: [/opt/intel/compilers_and_libraries_2017.4.196/linux/ipp/include]
    add: [/opt/intel/compilers_and_libraries_2017.4.196/linux/compiler/include/intel64]
    add: [/opt/intel/compilers_and_libraries_2017.4.196/linux/compiler/include/icc]
    add: [/opt/intel/compilers_and_libraries_2017.4.196/linux/compiler/include]
    add: [/usr/local/include]
    add: [/opt/apps/gcc/5.4.0/lib/gcc/x86_64-unknown-linux-gnu/5.4.0/include]
    add: [/opt/apps/gcc/5.4.0/lib/gcc/x86_64-unknown-linux-gnu/5.4.0/include-fixed]
    add: [/opt/apps/gcc/5.4.0/include/]
    add: [/usr/include]
  end of search list found
  collapse include dir [/opt/intel/compilers_and_libraries_2017.4.196/linux/daal/include] ==> [/opt/intel/compilers_and_libraries_2017.4.196/linux/daal/include]
  collapse include dir [/opt/intel/compilers_and_libraries_2017.4.196/linux/tbb/include] ==> [/opt/intel/compilers_and_libraries_2017.4.196/linux/tbb/include]
  collapse include dir [/opt/intel/compilers_and_libraries_2017.4.196/linux/mkl/include] ==> [/opt/intel/compilers_and_libraries_2017.4.196/linux/mkl/include]
  collapse include dir [/opt/intel/compilers_and_libraries_2017.4.196/linux/ipp/include] ==> [/opt/intel/compilers_and_libraries_2017.4.196/linux/ipp/include]
  collapse include dir [/opt/intel/compilers_and_libraries_2017.4.196/linux/compiler/include/intel64] ==> [/opt/intel/compilers_and_libraries_2017.4.196/linux/compiler/include/intel64]
  collapse include dir [/opt/intel/compilers_and_libraries_2017.4.196/linux/compiler/include/icc] ==> [/opt/intel/compilers_and_libraries_2017.4.196/linux/compiler/include/icc]
  collapse include dir [/opt/intel/compilers_and_libraries_2017.4.196/linux/compiler/include] ==> [/opt/intel/compilers_and_libraries_2017.4.196/linux/compiler/include]
  collapse include dir [/usr/local/include] ==> [/usr/local/include]
  collapse include dir [/opt/apps/gcc/5.4.0/lib/gcc/x86_64-unknown-linux-gnu/5.4.0/include] ==> [/opt/apps/gcc/5.4.0/lib/gcc/x86_64-unknown-linux-gnu/5.4.0/include]
  collapse include dir [/opt/apps/gcc/5.4.0/lib/gcc/x86_64-unknown-linux-gnu/5.4.0/include-fixed] ==> [/opt/apps/gcc/5.4.0/lib/gcc/x86_64-unknown-linux-gnu/5.4.0/include-fixed]
  collapse include dir [/opt/apps/gcc/5.4.0/include/] ==> [/opt/apps/gcc/5.4.0/include]
  collapse include dir [/usr/include] ==> [/usr/include]
  implicit include dirs: [/opt/intel/compilers_and_libraries_2017.4.196/linux/daal/include;/opt/intel/compilers_and_libraries_2017.4.196/linux/tbb/include;/opt/intel/compilers_and_libraries_2017.4.196/linux/mkl/include;/opt/intel/compilers_and_libraries_2017.4.196/linux/ipp/include;/opt/intel/compilers_and_libraries_2017.4.196/linux/compiler/include/intel64;/opt/intel/compilers_and_libraries_2017.4.196/linux/compiler/include/icc;/opt/intel/compilers_and_libraries_2017.4.196/linux/compiler/include;/usr/local/include;/opt/apps/gcc/5.4.0/lib/gcc/x86_64-unknown-linux-gnu/5.4.0/include;/opt/apps/gcc/5.4.0/lib/gcc/x86_64-unknown-linux-gnu/5.4.0/include-fixed;/opt/apps/gcc/5.4.0/include;/usr/include]


Parsed C implicit link information from above output:
  link line regex: [^( *|.*[/\])(ld|CMAKE_LINK_STARTFILE-NOTFOUND|([^/\]+-)?ld|collect2)[^/\]*( |$)]
  ignore line: [Change Dir: /work2/04637/mdl2665/stampede2/NEMSlite/CMakeFiles/CMakeTmp]
  ignore line: []
  ignore line: [Run Build Command(s):/bin/gmake cmTC_5d895/fast && /bin/gmake -f CMakeFiles/cmTC_5d895.dir/build.make CMakeFiles/cmTC_5d895.dir/build]
  ignore line: [gmake[1]: Entering directory `/work2/04637/mdl2665/stampede2/NEMSlite/CMakeFiles/CMakeTmp']
  ignore line: [Building C object CMakeFiles/cmTC_5d895.dir/CMakeCCompilerABI.c.o]
  ignore line: [/opt/intel/compilers_and_libraries_2017.4.196/linux/bin/intel64/icc   -v -o CMakeFiles/cmTC_5d895.dir/CMakeCCompilerABI.c.o   -c /opt/apps/cmake/3.16.1/share/cmake-3.16/Modules/CMakeCCompilerABI.c]
  ignore line: [icc version 17.0.4 (gcc version 5.4.0 compatibility)]
  ignore line: [/opt/intel/compilers_and_libraries_2017.4.196/linux/bin/intel64/mcpcom    --target_efi2 --lang=c -_g -mP3OPT_inline_alloca -D__ICC=1700 -D__INTEL_COMPILER=1700 -D__INTEL_COMPILER_UPDATE=4 -D__PTRDIFF_TYPE__=long "-D__SIZE_TYPE__=unsigned long" -D__WCHAR_TYPE__=int "-D__WINT_TYPE__=unsigned int" "-D__INTMAX_TYPE__=long int" "-D__UINTMAX_TYPE__=long unsigned int" -D__LONG_MAX__=9223372036854775807L -D__QMSPP_ -D__OPTIMIZE__ -D__NO_MATH_INLINES -D__NO_STRING_INLINES -D__GNUC_GNU_INLINE__ -D__GNUC__=5 -D__GNUC_MINOR__=4 -D__GNUC_PATCHLEVEL__=0 -D__LP64__ -D_LP64 -D__GXX_ABI_VERSION=1009 "-D__USER_LABEL_PREFIX__= " -D__REGISTER_PREFIX__= -D__INTEL_RTTI__ -D__unix__ -D__unix -D__linux__ -D__linux -D__gnu_linux__ -B -Dunix -Dlinux "-_Asystem(unix)" -D__ELF__ -D__x86_64 -D__x86_64__ -D__amd64 -D__amd64__ "-_Acpu(x86_64)" "-_Amachine(x86_64)" -D__INTEL_COMPILER_BUILD_DATE=20170411 -D__INTEL_OFFLOAD -D__i686 -D__i686__ -D__pentiumpro -D__pentiumpro__ -D__pentium4 -D__pentium4__ -D__tune_pentium4__ -D__SSE2__ -D__SSE2_MATH__ -D__SSE__ -D__SSE_MATH__ -D__MMX__ -_k -_8 -_l --has_new_stdarg_support -_a -_b --gnu_version=50400 -_W5 --gcc-extern-inline --multibyte_chars -mGLOB_diag_suppress_sys --array_section --simd --simd_func --offload_mode=1 --offload_target_names=gfx GFX mic MIC --offload_unique_string=icc1439316165UExJW0 -mGLOB_em64t=TRUE -mP1OPT_version=17.0-intel64 -mGLOB_diag_file=CMakeFiles/cmTC_5d895.dir/CMakeCCompilerABI.c.diag -mGLOB_long_size_64 -mGLOB_routine_pointer_size_64 -mP1OPT_print_version=FALSE -mCG_use_gas_got_workaround=F -mP2OPT_align_option_used=TRUE -mGLOB_gcc_version=540 "-mGLOB_options_string=-v -o CMakeFiles/cmTC_5d895.dir/CMakeCCompilerABI.c.o -c" -mGLOB_cxx_limited_range=FALSE -mCG_extend_parms=FALSE -mGLOB_compiler_bin_directory=/opt/intel/compilers_and_libraries_2017.4.196/linux/bin/intel64 -mGLOB_as_output_backup_file_name=/tmp/iccgaONXxas_.s -mIPOPT_activate -mIPOPT_lite -mGLOB_instruction_tuning=0x0 -mGLOB_uarch_tuning=0x0 -mGLOB_product_id_code=0x22006d91 -mCG_bnl_movbe=T -mGLOB_extended_instructions=0x8 -mP3OPT_use_mspp_call_convention -mP2OPT_subs_out_of_bound=FALSE -mP2OPT_disam_type_based_disam=2 -mP2OPT_disam_assume_ansi_c -mP2OPT_checked_disam_ansi_alias=TRUE -mGLOB_ansi_alias -mPGOPTI_value_profile_use=T -mP2OPT_il0_array_sections=TRUE -mGLOB_offload_mode=1 -mP2OPT_offload_unique_var_string=icc1439316165UExJW0 -mP2OPT_hlo_level=2 -mP2OPT_hlo -mP2OPT_hpo_rtt_control=0 -mIPOPT_args_in_regs=0 -mP2OPT_disam_assume_nonstd_intent_in=FALSE -mGLOB_imf_mapping_library=/opt/intel/compilers_and_libraries_2017.4.196/linux/bin/intel64/libiml_attr.so -mPGOPTI_gen_threadsafe_level=0 -mIPOPT_lto_object_enabled -mIPOPT_lto_object_value=1 -mIPOPT_obj_output_file_name=CMakeFiles/cmTC_5d895.dir/CMakeCCompilerABI.c.o -mIPOPT_whole_archive_fixup_file_name=/tmp/iccwarch8xadQy -mGLOB_linker_version=2.26.20160125 -mGLOB_driver_tempfile_name=/tmp/icctempfileI1ERi4 -mP3OPT_asm_target=P3OPT_ASM_TARGET_GAS -mGLOB_async_unwind_tables=TRUE -mGLOB_obj_output_file=CMakeFiles/cmTC_5d895.dir/CMakeCCompilerABI.c.o -mGLOB_source_dialect=GLOB_SOURCE_DIALECT_C -mP1OPT_source_file_name=/opt/apps/cmake/3.16.1/share/cmake-3.16/Modules/CMakeCCompilerABI.c -mP1OPT_full_source_file_name=/opt/apps/cmake/3.16.1/share/cmake-3.16/Modules/CMakeCCompilerABI.c /opt/apps/cmake/3.16.1/share/cmake-3.16/Modules/CMakeCCompilerABI.c]
  ignore line: [#include "..." search starts here:]
  ignore line: [#include <...> search starts here:]
  ignore line: [ /opt/intel/compilers_and_libraries_2017.4.196/linux/daal/include]
  ignore line: [ /opt/intel/compilers_and_libraries_2017.4.196/linux/tbb/include]
  ignore line: [ /opt/intel/compilers_and_libraries_2017.4.196/linux/mkl/include]
  ignore line: [ /opt/intel/compilers_and_libraries_2017.4.196/linux/ipp/include]
  ignore line: [ /opt/intel/compilers_and_libraries_2017.4.196/linux/compiler/include/intel64]
  ignore line: [ /opt/intel/compilers_and_libraries_2017.4.196/linux/compiler/include/icc]
  ignore line: [ /opt/intel/compilers_and_libraries_2017.4.196/linux/compiler/include]
  ignore line: [ /usr/local/include]
  ignore line: [ /opt/apps/gcc/5.4.0/lib/gcc/x86_64-unknown-linux-gnu/5.4.0/include]
  ignore line: [ /opt/apps/gcc/5.4.0/lib/gcc/x86_64-unknown-linux-gnu/5.4.0/include-fixed]
  ignore line: [ /opt/apps/gcc/5.4.0/include/]
  ignore line: [ /usr/include]
  ignore line: [End of search list.]
  ignore line: [Linking C executable cmTC_5d895]
  ignore line: [/opt/apps/cmake/3.16.1/bin/cmake -E cmake_link_script CMakeFiles/cmTC_5d895.dir/link.txt --verbose=1]
  ignore line: [/opt/intel/compilers_and_libraries_2017.4.196/linux/bin/intel64/icc     -v -rdynamic CMakeFiles/cmTC_5d895.dir/CMakeCCompilerABI.c.o  -o cmTC_5d895 ]
  ignore line: [icc version 17.0.4 (gcc version 5.4.0 compatibility)]
  ignore line: [/opt/intel/compilers_and_libraries_2017.4.196/linux/bin/intel64/mcpcom    -mGLOB_em64t=TRUE -mP1OPT_version=17.0-intel64 -mGLOB_diag_file=CMakeFiles/cmTC_5d895.dir/CMakeCCompilerABI.c.diag -mGLOB_long_size_64 -mGLOB_routine_pointer_size_64 -mP1OPT_print_version=FALSE -mCG_use_gas_got_workaround=F -mP2OPT_align_option_used=TRUE -mGLOB_gcc_version=540 "-mGLOB_options_string=-v -rdynamic -o cmTC_5d895" -mGLOB_cxx_limited_range=FALSE -mCG_extend_parms=FALSE -mGLOB_compiler_bin_directory=/opt/intel/compilers_and_libraries_2017.4.196/linux/bin/intel64 -mGLOB_as_output_backup_file_name=/tmp/iccQgjJBBas_.s -mGLOB_dashboard_use_source_name -mIPOPT_activate -mGLOB_product_id_code=0x22006d91 -mP3OPT_use_mspp_call_convention -mP2OPT_subs_out_of_bound=FALSE -mP2OPT_disam_type_based_disam=2 -mP2OPT_disam_assume_ansi_c -mP2OPT_checked_disam_ansi_alias=TRUE -mGLOB_ansi_alias -mPGOPTI_value_profile_use=T -mGLOB_opt_report_use_source_name -mP2OPT_il0_array_sections=TRUE -mGLOB_offload_mode=1 -mP2OPT_offload_unique_var_string=icc1545134977E5kosg -mP2OPT_hlo -mP2OPT_hpo_rtt_control=0 -mIPOPT_args_in_regs=0 -mP2OPT_disam_assume_nonstd_intent_in=FALSE -mGLOB_imf_mapping_library=/opt/intel/compilers_and_libraries_2017.4.196/linux/bin/intel64/libiml_attr.so -mPGOPTI_gen_threadsafe_level=0 -mIPOPT_link -mIPOPT_ipo_activate -mIPOPT_mo_activate -mIPOPT_source_files_list=/tmp/iccslis2fXjH3 -mIPOPT_mo_global_data -mIPOPT_link_script_file=/tmp/iccscriptOsDmFz "-mIPOPT_cmdline_link="/lib/../lib64/crt1.o" "/lib/../lib64/crti.o" "/opt/apps/gcc/5.4.0/lib/gcc/x86_64-unknown-linux-gnu/5.4.0/crtbegin.o" "-export-dynamic" "--eh-frame-hdr" "--build-id" "-dynamic-linker" "/lib64/ld-linux-x86-64.so.2" "-m" "elf_x86_64" "-o" "cmTC_5d895" "-L/opt/intel/compilers_and_libraries_2017.4.196/linux/daal/../tbb/lib/intel64_lin/gcc4.4" "-L/opt/intel/compilers_and_libraries_2017.4.196/linux/daal/lib/intel64_lin" "-L/opt/intel/compilers_and_libraries_2017.4.196/linux/tbb/lib/intel64/gcc4.7" "-L/opt/intel/compilers_and_libraries_2017.4.196/linux/mkl/lib/intel64_lin" "-L/opt/intel/compilers_and_libraries_2017.4.196/linux/compiler/lib/intel64_lin" "-L/opt/intel/compilers_and_libraries_2017.4.196/linux/ipp/lib/intel64" "-L/opt/intel/compilers_and_libraries_2017.4.196/linux/compiler/lib/intel64_lin" "-L/opt/apps/gcc/5.4.0/lib/gcc/x86_64-unknown-linux-gnu/5.4.0/" "-L/opt/apps/gcc/5.4.0/lib/gcc/x86_64-unknown-linux-gnu/5.4.0/../../../../lib64" "-L/opt/apps/gcc/5.4.0/lib/gcc/x86_64-unknown-linux-gnu/5.4.0/../../../../lib64/" "-L/lib/../lib64" "-L/lib/../lib64/" "-L/usr/lib/../lib64" "-L/usr/lib/../lib64/" "-L/opt/intel/compilers_and_libraries_2017.4.196/linux/daal/../tbb/lib/intel64_lin/gcc4.4/" "-L/opt/intel/compilers_and_libraries_2017.4.196/linux/daal/lib/intel64_lin/" "-L/opt/intel/compilers_and_libraries_2017.4.196/linux/tbb/lib/intel64/gcc4.7/" "-L/opt/intel/compilers_and_libraries_2017.4.196/linux/mkl/lib/intel64_lin/" "-L/opt/intel/compilers_and_libraries_2017.4.196/linux/compiler/lib/intel64_lin/" "-L/opt/intel/compilers_and_libraries_2017.4.196/linux/ipp/lib/intel64/" "-L/opt/apps/gcc/5.4.0/lib/gcc/x86_64-unknown-linux-gnu/5.4.0/../../../" "-L/lib64" "-L/lib/" "-L/usr/lib64" "-L/usr/lib" "CMakeFiles/cmTC_5d895.dir/CMakeCCompilerABI.c.o" "-Bdynamic" "-Bstatic" "-limf" "-lsvml" "-lirng" "-Bdynamic" "-lm" "-Bstatic" "-lipgo" "-ldecimal" "--as-needed" "-Bdynamic" "-lcilkrts" "-lstdc++" "--no-as-needed" "-lgcc" "-lgcc_s" "-Bstatic" "-lirc" "-lsvml" "-Bdynamic" "-lc" "-lgcc" "-lgcc_s" "-Bstatic" "-lirc_s" "-Bdynamic" "-ldl" "-lc" "/opt/apps/gcc/5.4.0/lib/gcc/x86_64-unknown-linux-gnu/5.4.0/crtend.o" "/lib/../lib64/crtn.o"" -mIPOPT_il_in_obj -mIPOPT_ipo_activate_warn=FALSE -mIPOPT_obj_output_file_name=/tmp/ipo_iccsu64SX.o -mIPOPT_whole_archive_fixup_file_name=/tmp/iccwarch6p87C9 -mGLOB_linker_version=2.26.20160125 -mGLOB_driver_tempfile_name=/tmp/icctempfileSEFUEF -mP3OPT_asm_target=P3OPT_ASM_TARGET_GAS -mGLOB_async_unwind_tables=TRUE -mGLOB_obj_output_file=/tmp/ipo_iccsu64SX.o -mGLOB_source_dialect=GLOB_SOURCE_DIALECT_NONE -mP1OPT_source_file_name=ipo_out.c CMakeFiles/cmTC_5d895.dir/CMakeCCompilerABI.c.o -mIPOPT_object_files=T -mIPOPT_assembly_files=/tmp/iccalisgdP7OZ -mIPOPT_generated_tempfiles=/tmp/iccelisUf4aNv -mIPOPT_embedded_object_base_name=/tmp/icceobjMuaeL1 -mIPOPT_cmdline_link_new_name=/tmp/iccllissu8gJx]
  link line: [ld    /lib/../lib64/crt1.o /lib/../lib64/crti.o /opt/apps/gcc/5.4.0/lib/gcc/x86_64-unknown-linux-gnu/5.4.0/crtbegin.o -export-dynamic --eh-frame-hdr --build-id -dynamic-linker /lib64/ld-linux-x86-64.so.2 -m elf_x86_64 -o cmTC_5d895 -L/opt/intel/compilers_and_libraries_2017.4.196/linux/daal/../tbb/lib/intel64_lin/gcc4.4 -L/opt/intel/compilers_and_libraries_2017.4.196/linux/daal/lib/intel64_lin -L/opt/intel/compilers_and_libraries_2017.4.196/linux/tbb/lib/intel64/gcc4.7 -L/opt/intel/compilers_and_libraries_2017.4.196/linux/mkl/lib/intel64_lin -L/opt/intel/compilers_and_libraries_2017.4.196/linux/compiler/lib/intel64_lin -L/opt/intel/compilers_and_libraries_2017.4.196/linux/ipp/lib/intel64 -L/opt/intel/compilers_and_libraries_2017.4.196/linux/compiler/lib/intel64_lin -L/opt/apps/gcc/5.4.0/lib/gcc/x86_64-unknown-linux-gnu/5.4.0/ -L/opt/apps/gcc/5.4.0/lib/gcc/x86_64-unknown-linux-gnu/5.4.0/../../../../lib64 -L/opt/apps/gcc/5.4.0/lib/gcc/x86_64-unknown-linux-gnu/5.4.0/../../../../lib64/ -L/lib/../lib64 -L/lib/../lib64/ -L/usr/lib/../lib64 -L/usr/lib/../lib64/ -L/opt/intel/compilers_and_libraries_2017.4.196/linux/daal/../tbb/lib/intel64_lin/gcc4.4/ -L/opt/intel/compilers_and_libraries_2017.4.196/linux/daal/lib/intel64_lin/ -L/opt/intel/compilers_and_libraries_2017.4.196/linux/tbb/lib/intel64/gcc4.7/ -L/opt/intel/compilers_and_libraries_2017.4.196/linux/mkl/lib/intel64_lin/ -L/opt/intel/compilers_and_libraries_2017.4.196/linux/compiler/lib/intel64_lin/ -L/opt/intel/compilers_and_libraries_2017.4.196/linux/ipp/lib/intel64/ -L/opt/apps/gcc/5.4.0/lib/gcc/x86_64-unknown-linux-gnu/5.4.0/../../../ -L/lib64 -L/lib/ -L/usr/lib64 -L/usr/lib CMakeFiles/cmTC_5d895.dir/CMakeCCompilerABI.c.o -Bdynamic -Bstatic -limf -lsvml -lirng -Bdynamic -lm -Bstatic -lipgo -ldecimal --as-needed -Bdynamic -lcilkrts -lstdc++ --no-as-needed -lgcc -lgcc_s -Bstatic -lirc -lsvml -Bdynamic -lc -lgcc -lgcc_s -Bstatic -lirc_s -Bdynamic -ldl -lc /opt/apps/gcc/5.4.0/lib/gcc/x86_64-unknown-linux-gnu/5.4.0/crtend.o /lib/../lib64/crtn.o]
    arg [ld] ==> ignore
    arg [/lib/../lib64/crt1.o] ==> ignore
    arg [/lib/../lib64/crti.o] ==> ignore
    arg [/opt/apps/gcc/5.4.0/lib/gcc/x86_64-unknown-linux-gnu/5.4.0/crtbegin.o] ==> ignore
    arg [-export-dynamic] ==> ignore
    arg [--eh-frame-hdr] ==> ignore
    arg [--build-id] ==> ignore
    arg [-dynamic-linker] ==> ignore
    arg [/lib64/ld-linux-x86-64.so.2] ==> ignore
    arg [-m] ==> ignore
    arg [elf_x86_64] ==> ignore
    arg [-o] ==> ignore
    arg [cmTC_5d895] ==> ignore
    arg [-L/opt/intel/compilers_and_libraries_2017.4.196/linux/daal/../tbb/lib/intel64_lin/gcc4.4] ==> dir [/opt/intel/compilers_and_libraries_2017.4.196/linux/daal/../tbb/lib/intel64_lin/gcc4.4]
    arg [-L/opt/intel/compilers_and_libraries_2017.4.196/linux/daal/lib/intel64_lin] ==> dir [/opt/intel/compilers_and_libraries_2017.4.196/linux/daal/lib/intel64_lin]
    arg [-L/opt/intel/compilers_and_libraries_2017.4.196/linux/tbb/lib/intel64/gcc4.7] ==> dir [/opt/intel/compilers_and_libraries_2017.4.196/linux/tbb/lib/intel64/gcc4.7]
    arg [-L/opt/intel/compilers_and_libraries_2017.4.196/linux/mkl/lib/intel64_lin] ==> dir [/opt/intel/compilers_and_libraries_2017.4.196/linux/mkl/lib/intel64_lin]
    arg [-L/opt/intel/compilers_and_libraries_2017.4.196/linux/compiler/lib/intel64_lin] ==> dir [/opt/intel/compilers_and_libraries_2017.4.196/linux/compiler/lib/intel64_lin]
    arg [-L/opt/intel/compilers_and_libraries_2017.4.196/linux/ipp/lib/intel64] ==> dir [/opt/intel/compilers_and_libraries_2017.4.196/linux/ipp/lib/intel64]
    arg [-L/opt/intel/compilers_and_libraries_2017.4.196/linux/compiler/lib/intel64_lin] ==> dir [/opt/intel/compilers_and_libraries_2017.4.196/linux/compiler/lib/intel64_lin]
    arg [-L/opt/apps/gcc/5.4.0/lib/gcc/x86_64-unknown-linux-gnu/5.4.0/] ==> dir [/opt/apps/gcc/5.4.0/lib/gcc/x86_64-unknown-linux-gnu/5.4.0/]
    arg [-L/opt/apps/gcc/5.4.0/lib/gcc/x86_64-unknown-linux-gnu/5.4.0/../../../../lib64] ==> dir [/opt/apps/gcc/5.4.0/lib/gcc/x86_64-unknown-linux-gnu/5.4.0/../../../../lib64]
    arg [-L/opt/apps/gcc/5.4.0/lib/gcc/x86_64-unknown-linux-gnu/5.4.0/../../../../lib64/] ==> dir [/opt/apps/gcc/5.4.0/lib/gcc/x86_64-unknown-linux-gnu/5.4.0/../../../../lib64/]
    arg [-L/lib/../lib64] ==> dir [/lib/../lib64]
    arg [-L/lib/../lib64/] ==> dir [/lib/../lib64/]
    arg [-L/usr/lib/../lib64] ==> dir [/usr/lib/../lib64]
    arg [-L/usr/lib/../lib64/] ==> dir [/usr/lib/../lib64/]
    arg [-L/opt/intel/compilers_and_libraries_2017.4.196/linux/daal/../tbb/lib/intel64_lin/gcc4.4/] ==> dir [/opt/intel/compilers_and_libraries_2017.4.196/linux/daal/../tbb/lib/intel64_lin/gcc4.4/]
    arg [-L/opt/intel/compilers_and_libraries_2017.4.196/linux/daal/lib/intel64_lin/] ==> dir [/opt/intel/compilers_and_libraries_2017.4.196/linux/daal/lib/intel64_lin/]
    arg [-L/opt/intel/compilers_and_libraries_2017.4.196/linux/tbb/lib/intel64/gcc4.7/] ==> dir [/opt/intel/compilers_and_libraries_2017.4.196/linux/tbb/lib/intel64/gcc4.7/]
    arg [-L/opt/intel/compilers_and_libraries_2017.4.196/linux/mkl/lib/intel64_lin/] ==> dir [/opt/intel/compilers_and_libraries_2017.4.196/linux/mkl/lib/intel64_lin/]
    arg [-L/opt/intel/compilers_and_libraries_2017.4.196/linux/compiler/lib/intel64_lin/] ==> dir [/opt/intel/compilers_and_libraries_2017.4.196/linux/compiler/lib/intel64_lin/]
    arg [-L/opt/intel/compilers_and_libraries_2017.4.196/linux/ipp/lib/intel64/] ==> dir [/opt/intel/compilers_and_libraries_2017.4.196/linux/ipp/lib/intel64/]
    arg [-L/opt/apps/gcc/5.4.0/lib/gcc/x86_64-unknown-linux-gnu/5.4.0/../../../] ==> dir [/opt/apps/gcc/5.4.0/lib/gcc/x86_64-unknown-linux-gnu/5.4.0/../../../]
    arg [-L/lib64] ==> dir [/lib64]
    arg [-L/lib/] ==> dir [/lib/]
    arg [-L/usr/lib64] ==> dir [/usr/lib64]
    arg [-L/usr/lib] ==> dir [/usr/lib]
    arg [CMakeFiles/cmTC_5d895.dir/CMakeCCompilerABI.c.o] ==> ignore
    arg [-Bdynamic] ==> ignore
    arg [-Bstatic] ==> ignore
    arg [-limf] ==> lib [imf]
    arg [-lsvml] ==> lib [svml]
    arg [-lirng] ==> lib [irng]
    arg [-Bdynamic] ==> ignore
    arg [-lm] ==> lib [m]
    arg [-Bstatic] ==> ignore
    arg [-lipgo] ==> lib [ipgo]
    arg [-ldecimal] ==> lib [decimal]
    arg [--as-needed] ==> ignore
    arg [-Bdynamic] ==> ignore
    arg [-lcilkrts] ==> lib [cilkrts]
    arg [-lstdc++] ==> lib [stdc++]
    arg [--no-as-needed] ==> ignore
    arg [-lgcc] ==> lib [gcc]
    arg [-lgcc_s] ==> lib [gcc_s]
    arg [-Bstatic] ==> ignore
    arg [-lirc] ==> lib [irc]
    arg [-lsvml] ==> lib [svml]
    arg [-Bdynamic] ==> ignore
    arg [-lc] ==> lib [c]
    arg [-lgcc] ==> lib [gcc]
    arg [-lgcc_s] ==> lib [gcc_s]
    arg [-Bstatic] ==> ignore
    arg [-lirc_s] ==> lib [irc_s]
    arg [-Bdynamic] ==> ignore
    arg [-ldl] ==> lib [dl]
    arg [-lc] ==> lib [c]
    arg [/opt/apps/gcc/5.4.0/lib/gcc/x86_64-unknown-linux-gnu/5.4.0/crtend.o] ==> ignore
    arg [/lib/../lib64/crtn.o] ==> ignore
  collapse library dir [/opt/intel/compilers_and_libraries_2017.4.196/linux/daal/../tbb/lib/intel64_lin/gcc4.4] ==> [/opt/intel/compilers_and_libraries_2017.4.196/linux/tbb/lib/intel64_lin/gcc4.4]
  collapse library dir [/opt/intel/compilers_and_libraries_2017.4.196/linux/daal/lib/intel64_lin] ==> [/opt/intel/compilers_and_libraries_2017.4.196/linux/daal/lib/intel64_lin]
  collapse library dir [/opt/intel/compilers_and_libraries_2017.4.196/linux/tbb/lib/intel64/gcc4.7] ==> [/opt/intel/compilers_and_libraries_2017.4.196/linux/tbb/lib/intel64/gcc4.7]
  collapse library dir [/opt/intel/compilers_and_libraries_2017.4.196/linux/mkl/lib/intel64_lin] ==> [/opt/intel/compilers_and_libraries_2017.4.196/linux/mkl/lib/intel64_lin]
  collapse library dir [/opt/intel/compilers_and_libraries_2017.4.196/linux/compiler/lib/intel64_lin] ==> [/opt/intel/compilers_and_libraries_2017.4.196/linux/compiler/lib/intel64_lin]
  collapse library dir [/opt/intel/compilers_and_libraries_2017.4.196/linux/ipp/lib/intel64] ==> [/opt/intel/compilers_and_libraries_2017.4.196/linux/ipp/lib/intel64]
  collapse library dir [/opt/intel/compilers_and_libraries_2017.4.196/linux/compiler/lib/intel64_lin] ==> [/opt/intel/compilers_and_libraries_2017.4.196/linux/compiler/lib/intel64_lin]
  collapse library dir [/opt/apps/gcc/5.4.0/lib/gcc/x86_64-unknown-linux-gnu/5.4.0/] ==> [/opt/apps/gcc/5.4.0/lib/gcc/x86_64-unknown-linux-gnu/5.4.0]
  collapse library dir [/opt/apps/gcc/5.4.0/lib/gcc/x86_64-unknown-linux-gnu/5.4.0/../../../../lib64] ==> [/opt/apps/gcc/5.4.0/lib64]
  collapse library dir [/opt/apps/gcc/5.4.0/lib/gcc/x86_64-unknown-linux-gnu/5.4.0/../../../../lib64/] ==> [/opt/apps/gcc/5.4.0/lib64]
  collapse library dir [/lib/../lib64] ==> [/lib64]
  collapse library dir [/lib/../lib64/] ==> [/lib64]
  collapse library dir [/usr/lib/../lib64] ==> [/usr/lib64]
  collapse library dir [/usr/lib/../lib64/] ==> [/usr/lib64]
  collapse library dir [/opt/intel/compilers_and_libraries_2017.4.196/linux/daal/../tbb/lib/intel64_lin/gcc4.4/] ==> [/opt/intel/compilers_and_libraries_2017.4.196/linux/tbb/lib/intel64_lin/gcc4.4]
  collapse library dir [/opt/intel/compilers_and_libraries_2017.4.196/linux/daal/lib/intel64_lin/] ==> [/opt/intel/compilers_and_libraries_2017.4.196/linux/daal/lib/intel64_lin]
  collapse library dir [/opt/intel/compilers_and_libraries_2017.4.196/linux/tbb/lib/intel64/gcc4.7/] ==> [/opt/intel/compilers_and_libraries_2017.4.196/linux/tbb/lib/intel64/gcc4.7]
  collapse library dir [/opt/intel/compilers_and_libraries_2017.4.196/linux/mkl/lib/intel64_lin/] ==> [/opt/intel/compilers_and_libraries_2017.4.196/linux/mkl/lib/intel64_lin]
  collapse library dir [/opt/intel/compilers_and_libraries_2017.4.196/linux/compiler/lib/intel64_lin/] ==> [/opt/intel/compilers_and_libraries_2017.4.196/linux/compiler/lib/intel64_lin]
  collapse library dir [/opt/intel/compilers_and_libraries_2017.4.196/linux/ipp/lib/intel64/] ==> [/opt/intel/compilers_and_libraries_2017.4.196/linux/ipp/lib/intel64]
  collapse library dir [/opt/apps/gcc/5.4.0/lib/gcc/x86_64-unknown-linux-gnu/5.4.0/../../../] ==> [/opt/apps/gcc/5.4.0/lib]
  collapse library dir [/lib64] ==> [/lib64]
  collapse library dir [/lib/] ==> [/lib]
  collapse library dir [/usr/lib64] ==> [/usr/lib64]
  collapse library dir [/usr/lib] ==> [/usr/lib]
  implicit libs: [imf;svml;irng;m;ipgo;decimal;cilkrts;stdc++;gcc;gcc_s;irc;svml;c;gcc;gcc_s;irc_s;dl;c]
  implicit dirs: [/opt/intel/compilers_and_libraries_2017.4.196/linux/tbb/lib/intel64_lin/gcc4.4;/opt/intel/compilers_and_libraries_2017.4.196/linux/daal/lib/intel64_lin;/opt/intel/compilers_and_libraries_2017.4.196/linux/tbb/lib/intel64/gcc4.7;/opt/intel/compilers_and_libraries_2017.4.196/linux/mkl/lib/intel64_lin;/opt/intel/compilers_and_libraries_2017.4.196/linux/compiler/lib/intel64_lin;/opt/intel/compilers_and_libraries_2017.4.196/linux/ipp/lib/intel64;/opt/apps/gcc/5.4.0/lib/gcc/x86_64-unknown-linux-gnu/5.4.0;/opt/apps/gcc/5.4.0/lib64;/lib64;/usr/lib64;/opt/apps/gcc/5.4.0/lib;/lib;/usr/lib]
  implicit fwks: []


Determining if the CXX compiler works passed with the following output:
Change Dir: /work2/04637/mdl2665/stampede2/NEMSlite/CMakeFiles/CMakeTmp

Run Build Command(s):/bin/gmake cmTC_ae689/fast && /bin/gmake -f CMakeFiles/cmTC_ae689.dir/build.make CMakeFiles/cmTC_ae689.dir/build
gmake[1]: Entering directory `/work2/04637/mdl2665/stampede2/NEMSlite/CMakeFiles/CMakeTmp'
Building CXX object CMakeFiles/cmTC_ae689.dir/testCXXCompiler.cxx.o
/opt/intel/compilers_and_libraries_2017.4.196/linux/bin/intel64/icpc     -o CMakeFiles/cmTC_ae689.dir/testCXXCompiler.cxx.o -c /work2/04637/mdl2665/stampede2/NEMSlite/CMakeFiles/CMakeTmp/testCXXCompiler.cxx
Linking CXX executable cmTC_ae689
/opt/apps/cmake/3.16.1/bin/cmake -E cmake_link_script CMakeFiles/cmTC_ae689.dir/link.txt --verbose=1
/opt/intel/compilers_and_libraries_2017.4.196/linux/bin/intel64/icpc       -rdynamic CMakeFiles/cmTC_ae689.dir/testCXXCompiler.cxx.o  -o cmTC_ae689 
gmake[1]: Leaving directory `/work2/04637/mdl2665/stampede2/NEMSlite/CMakeFiles/CMakeTmp'



Detecting CXX compiler ABI info compiled with the following output:
Change Dir: /work2/04637/mdl2665/stampede2/NEMSlite/CMakeFiles/CMakeTmp

Run Build Command(s):/bin/gmake cmTC_cf398/fast && /bin/gmake -f CMakeFiles/cmTC_cf398.dir/build.make CMakeFiles/cmTC_cf398.dir/build
gmake[1]: Entering directory `/work2/04637/mdl2665/stampede2/NEMSlite/CMakeFiles/CMakeTmp'
Building CXX object CMakeFiles/cmTC_cf398.dir/CMakeCXXCompilerABI.cpp.o
/opt/intel/compilers_and_libraries_2017.4.196/linux/bin/intel64/icpc    -v -o CMakeFiles/cmTC_cf398.dir/CMakeCXXCompilerABI.cpp.o -c /opt/apps/cmake/3.16.1/share/cmake-3.16/Modules/CMakeCXXCompilerABI.cpp
icpc version 17.0.4 (gcc version 5.4.0 compatibility)
/opt/intel/compilers_and_libraries_2017.4.196/linux/bin/intel64/mcpcom    --target_efi2 --lang=c++ -_g -mP3OPT_inline_alloca -D__ICC=1700 -D__INTEL_COMPILER=1700 -D__INTEL_COMPILER_UPDATE=4 -D__PTRDIFF_TYPE__=long "-D__SIZE_TYPE__=unsigned long" -D__WCHAR_TYPE__=int "-D__WINT_TYPE__=unsigned int" "-D__INTMAX_TYPE__=long int" "-D__UINTMAX_TYPE__=long unsigned int" -D__GLIBCXX_TYPE_INT_N_0=__int128 -D__GLIBCXX_BITSIZE_INT_N_0=128 -D__LONG_MAX__=9223372036854775807L -D__QMSPP_ -D__OPTIMIZE__ -D__NO_MATH_INLINES -D__NO_STRING_INLINES -D__GNUC_GNU_INLINE__ -D__GNUG__=5 -D__GNUC__=5 -D__GNUC_MINOR__=4 -D__GNUC_PATCHLEVEL__=0 -D__LP64__ -D_LP64 -D_GNU_SOURCE=1 -D__DEPRECATED=1 -D__GXX_WEAK__=1 -D__GXX_ABI_VERSION=1009 "-D__USER_LABEL_PREFIX__= " -D__REGISTER_PREFIX__= -D__INTEL_RTTI__ -D__EXCEPTIONS=1 -D__unix__ -D__unix -D__linux__ -D__linux -D__gnu_linux__ -B -Dunix -Dlinux "-_Asystem(unix)" -D__ELF__ -D__x86_64 -D__x86_64__ -D__amd64 -D__amd64__ "-_Acpu(x86_64)" "-_Amachine(x86_64)" -D__INTEL_COMPILER_BUILD_DATE=20170411 -D__INTEL_OFFLOAD -D__i686 -D__i686__ -D__pentiumpro -D__pentiumpro__ -D__pentium4 -D__pentium4__ -D__tune_pentium4__ -D__SSE2__ -D__SSE2_MATH__ -D__SSE__ -D__SSE_MATH__ -D__MMX__ -_k -_8 -_l --has_new_stdarg_support -_a -_b --gnu_version=50400 -_W5 --gcc-extern-inline -p --bool -tused -x --multibyte_chars -mGLOB_diag_suppress_sys --array_section --simd --simd_func --offload_mode=1 --offload_target_names=gfx,GFX,mic,MIC --offload_unique_string=icpc0757842198IxlXZG --bool -mGLOB_em64t=TRUE -mP1OPT_version=17.0-intel64 -mGLOB_diag_file=CMakeFiles/cmTC_cf398.dir/CMakeCXXCompilerABI.cpp.diag -mGLOB_long_size_64 -mGLOB_routine_pointer_size_64 -mP1OPT_print_version=FALSE -mCG_use_gas_got_workaround=F -mP2OPT_align_option_used=TRUE -mGLOB_gcc_version=540 "-mGLOB_options_string=-v -o CMakeFiles/cmTC_cf398.dir/CMakeCXXCompilerABI.cpp.o -c" -mGLOB_cxx_limited_range=FALSE -mCG_extend_parms=FALSE -mGLOB_compiler_bin_directory=/opt/intel/compilers_and_libraries_2017.4.196/linux/bin/intel64 -mGLOB_as_output_backup_file_name=/tmp/icpc5gPPOyas_.s -mIPOPT_activate -mIPOPT_lite -mGLOB_instruction_tuning=0x0 -mGLOB_uarch_tuning=0x0 -mGLOB_product_id_code=0x22006d8e -mCG_bnl_movbe=T -mGLOB_extended_instructions=0x8 -mP3OPT_use_mspp_call_convention -mP2OPT_subs_out_of_bound=FALSE -mP2OPT_disam_type_based_disam=2 -mP2OPT_disam_assume_ansi_c -mP2OPT_checked_disam_ansi_alias=TRUE -mGLOB_ansi_alias -mPGOPTI_value_profile_use=T -mP2OPT_il0_array_sections=TRUE -mGLOB_offload_mode=1 -mP2OPT_offload_unique_var_string=icpc0757842198IxlXZG -mP2OPT_hlo_level=2 -mP2OPT_hlo -mP2OPT_hpo_rtt_control=0 -mIPOPT_args_in_regs=0 -mP2OPT_disam_assume_nonstd_intent_in=FALSE -mGLOB_imf_mapping_library=/opt/intel/compilers_and_libraries_2017.4.196/linux/bin/intel64/libiml_attr.so -mPGOPTI_gen_threadsafe_level=0 -mIPOPT_lto_object_enabled -mIPOPT_lto_object_value=1 -mIPOPT_obj_output_file_name=CMakeFiles/cmTC_cf398.dir/CMakeCXXCompilerABI.cpp.o -mIPOPT_whole_archive_fixup_file_name=/tmp/icpcwarchTmlU0H -mGLOB_linker_version=2.26.20160125 -mGLOB_driver_tempfile_name=/tmp/icpctempfileOqHiDh -mP3OPT_asm_target=P3OPT_ASM_TARGET_GAS -mGLOB_async_unwind_tables=TRUE -mGLOB_obj_output_file=CMakeFiles/cmTC_cf398.dir/CMakeCXXCompilerABI.cpp.o -mGLOB_source_dialect=GLOB_SOURCE_DIALECT_C_PLUS_PLUS -mP1OPT_source_file_name=/opt/apps/cmake/3.16.1/share/cmake-3.16/Modules/CMakeCXXCompilerABI.cpp -mP1OPT_full_source_file_name=/opt/apps/cmake/3.16.1/share/cmake-3.16/Modules/CMakeCXXCompilerABI.cpp -mGLOB_eh_linux /opt/apps/cmake/3.16.1/share/cmake-3.16/Modules/CMakeCXXCompilerABI.cpp
#include "..." search starts here:
#include <...> search starts here:
 /opt/intel/compilers_and_libraries_2017.4.196/linux/daal/include
 /opt/intel/compilers_and_libraries_2017.4.196/linux/tbb/include
 /opt/intel/compilers_and_libraries_2017.4.196/linux/mkl/include
 /opt/intel/compilers_and_libraries_2017.4.196/linux/ipp/include
 /opt/intel/compilers_and_libraries_2017.4.196/linux/compiler/include/intel64
 /opt/intel/compilers_and_libraries_2017.4.196/linux/compiler/include/icc
 /opt/intel/compilers_and_libraries_2017.4.196/linux/compiler/include
 /opt/apps/gcc/5.4.0/include/c++/5.4.0
 /opt/apps/gcc/5.4.0/include/c++/5.4.0/x86_64-unknown-linux-gnu
 /opt/apps/gcc/5.4.0/include/c++/5.4.0/backward
 /usr/local/include
 /opt/apps/gcc/5.4.0/lib/gcc/x86_64-unknown-linux-gnu/5.4.0/include
 /opt/apps/gcc/5.4.0/lib/gcc/x86_64-unknown-linux-gnu/5.4.0/include-fixed
 /opt/apps/gcc/5.4.0/include/
 /usr/include
End of search list.
Linking CXX executable cmTC_cf398
/opt/apps/cmake/3.16.1/bin/cmake -E cmake_link_script CMakeFiles/cmTC_cf398.dir/link.txt --verbose=1
/opt/intel/compilers_and_libraries_2017.4.196/linux/bin/intel64/icpc      -v -rdynamic CMakeFiles/cmTC_cf398.dir/CMakeCXXCompilerABI.cpp.o  -o cmTC_cf398 
icpc version 17.0.4 (gcc version 5.4.0 compatibility)
/opt/intel/compilers_and_libraries_2017.4.196/linux/bin/intel64/mcpcom    -mGLOB_em64t=TRUE -mP1OPT_version=17.0-intel64 -mGLOB_diag_file=CMakeFiles/cmTC_cf398.dir/CMakeCXXCompilerABI.cpp.diag -mGLOB_long_size_64 -mGLOB_routine_pointer_size_64 -mP1OPT_print_version=FALSE -mCG_use_gas_got_workaround=F -mP2OPT_align_option_used=TRUE -mGLOB_gcc_version=540 "-mGLOB_options_string=-v -rdynamic -o cmTC_cf398" -mGLOB_cxx_limited_range=FALSE -mCG_extend_parms=FALSE -mGLOB_compiler_bin_directory=/opt/intel/compilers_and_libraries_2017.4.196/linux/bin/intel64 -mGLOB_as_output_backup_file_name=/tmp/icpcSWARTYas_.s -mGLOB_dashboard_use_source_name -mIPOPT_activate -mGLOB_product_id_code=0x22006d8e -mP3OPT_use_mspp_call_convention -mP2OPT_subs_out_of_bound=FALSE -mP2OPT_disam_type_based_disam=2 -mP2OPT_disam_assume_ansi_c -mP2OPT_checked_disam_ansi_alias=TRUE -mGLOB_ansi_alias -mPGOPTI_value_profile_use=T -mGLOB_opt_report_use_source_name -mP2OPT_il0_array_sections=TRUE -mGLOB_offload_mode=1 -mP2OPT_offload_unique_var_string=icpc1626133592mrE3c4 -mP2OPT_hlo -mP2OPT_hpo_rtt_control=0 -mIPOPT_args_in_regs=0 -mP2OPT_disam_assume_nonstd_intent_in=FALSE -mGLOB_imf_mapping_library=/opt/intel/compilers_and_libraries_2017.4.196/linux/bin/intel64/libiml_attr.so -mPGOPTI_gen_threadsafe_level=0 -mIPOPT_link -mIPOPT_ipo_activate -mIPOPT_mo_activate -mIPOPT_source_files_list=/tmp/icpcslisTNoRGd -mIPOPT_mo_global_data -mIPOPT_link_script_file=/tmp/icpcscript4jqL5N "-mIPOPT_cmdline_link="/lib/../lib64/crt1.o" "/lib/../lib64/crti.o" "/opt/apps/gcc/5.4.0/lib/gcc/x86_64-unknown-linux-gnu/5.4.0/crtbegin.o" "-export-dynamic" "--eh-frame-hdr" "--build-id" "-dynamic-linker" "/lib64/ld-linux-x86-64.so.2" "-m" "elf_x86_64" "-o" "cmTC_cf398" "-L/opt/intel/compilers_and_libraries_2017.4.196/linux/daal/../tbb/lib/intel64_lin/gcc4.4" "-L/opt/intel/compilers_and_libraries_2017.4.196/linux/daal/lib/intel64_lin" "-L/opt/intel/compilers_and_libraries_2017.4.196/linux/tbb/lib/intel64/gcc4.7" "-L/opt/intel/compilers_and_libraries_2017.4.196/linux/mkl/lib/intel64_lin" "-L/opt/intel/compilers_and_libraries_2017.4.196/linux/compiler/lib/intel64_lin" "-L/opt/intel/compilers_and_libraries_2017.4.196/linux/ipp/lib/intel64" "-L/opt/intel/compilers_and_libraries_2017.4.196/linux/compiler/lib/intel64_lin" "-L/opt/apps/gcc/5.4.0/lib/gcc/x86_64-unknown-linux-gnu/5.4.0/" "-L/opt/apps/gcc/5.4.0/lib/gcc/x86_64-unknown-linux-gnu/5.4.0/../../../../lib64" "-L/opt/apps/gcc/5.4.0/lib/gcc/x86_64-unknown-linux-gnu/5.4.0/../../../../lib64/" "-L/lib/../lib64" "-L/lib/../lib64/" "-L/usr/lib/../lib64" "-L/usr/lib/../lib64/" "-L/opt/intel/compilers_and_libraries_2017.4.196/linux/daal/../tbb/lib/intel64_lin/gcc4.4/" "-L/opt/intel/compilers_and_libraries_2017.4.196/linux/daal/lib/intel64_lin/" "-L/opt/intel/compilers_and_libraries_2017.4.196/linux/tbb/lib/intel64/gcc4.7/" "-L/opt/intel/compilers_and_libraries_2017.4.196/linux/mkl/lib/intel64_lin/" "-L/opt/intel/compilers_and_libraries_2017.4.196/linux/compiler/lib/intel64_lin/" "-L/opt/intel/compilers_and_libraries_2017.4.196/linux/ipp/lib/intel64/" "-L/opt/apps/gcc/5.4.0/lib/gcc/x86_64-unknown-linux-gnu/5.4.0/../../../" "-L/lib64" "-L/lib/" "-L/usr/lib64" "-L/usr/lib" "CMakeFiles/cmTC_cf398.dir/CMakeCXXCompilerABI.cpp.o" "-Bdynamic" "-Bstatic" "-limf" "-lsvml" "-lirng" "-Bdynamic" "-lstdc++" "-lm" "-Bstatic" "-lipgo" "-ldecimal" "--as-needed" "-Bdynamic" "-lcilkrts" "--no-as-needed" "-lstdc++" "-lgcc" "-lgcc_s" "-Bstatic" "-lirc" "-lsvml" "-Bdynamic" "-lc" "-lgcc" "-lgcc_s" "-Bstatic" "-lirc_s" "-Bdynamic" "-ldl" "-lc" "/opt/apps/gcc/5.4.0/lib/gcc/x86_64-unknown-linux-gnu/5.4.0/crtend.o" "/lib/../lib64/crtn.o"" -mIPOPT_il_in_obj -mIPOPT_ipo_activate_warn=FALSE -mIPOPT_obj_output_file_name=/tmp/ipo_icpcLpDuhH.o -mIPOPT_whole_archive_fixup_file_name=/tmp/icpcwarchBBlFdK -mGLOB_linker_version=2.26.20160125 -mGLOB_driver_tempfile_name=/tmp/icpctempfileI1TbGk -mP3OPT_asm_target=P3OPT_ASM_TARGET_GAS -mGLOB_async_unwind_tables=TRUE -mGLOB_obj_output_file=/tmp/ipo_icpcLpDuhH.o -mGLOB_source_dialect=GLOB_SOURCE_DIALECT_NONE -mP1OPT_source_file_name=ipo_out.c CMakeFiles/cmTC_cf398.dir/CMakeCXXCompilerABI.cpp.o -mIPOPT_object_files=T -mIPOPT_assembly_files=/tmp/icpcalisf55f5R -mIPOPT_generated_tempfiles=/tmp/icpcelisQyu8ts -mIPOPT_embedded_object_base_name=/tmp/icpceobjleW2S2 -mIPOPT_cmdline_link_new_name=/tmp/icpclliswOeXhD
ld    /lib/../lib64/crt1.o /lib/../lib64/crti.o /opt/apps/gcc/5.4.0/lib/gcc/x86_64-unknown-linux-gnu/5.4.0/crtbegin.o -export-dynamic --eh-frame-hdr --build-id -dynamic-linker /lib64/ld-linux-x86-64.so.2 -m elf_x86_64 -o cmTC_cf398 -L/opt/intel/compilers_and_libraries_2017.4.196/linux/daal/../tbb/lib/intel64_lin/gcc4.4 -L/opt/intel/compilers_and_libraries_2017.4.196/linux/daal/lib/intel64_lin -L/opt/intel/compilers_and_libraries_2017.4.196/linux/tbb/lib/intel64/gcc4.7 -L/opt/intel/compilers_and_libraries_2017.4.196/linux/mkl/lib/intel64_lin -L/opt/intel/compilers_and_libraries_2017.4.196/linux/compiler/lib/intel64_lin -L/opt/intel/compilers_and_libraries_2017.4.196/linux/ipp/lib/intel64 -L/opt/intel/compilers_and_libraries_2017.4.196/linux/compiler/lib/intel64_lin -L/opt/apps/gcc/5.4.0/lib/gcc/x86_64-unknown-linux-gnu/5.4.0/ -L/opt/apps/gcc/5.4.0/lib/gcc/x86_64-unknown-linux-gnu/5.4.0/../../../../lib64 -L/opt/apps/gcc/5.4.0/lib/gcc/x86_64-unknown-linux-gnu/5.4.0/../../../../lib64/ -L/lib/../lib64 -L/lib/../lib64/ -L/usr/lib/../lib64 -L/usr/lib/../lib64/ -L/opt/intel/compilers_and_libraries_2017.4.196/linux/daal/../tbb/lib/intel64_lin/gcc4.4/ -L/opt/intel/compilers_and_libraries_2017.4.196/linux/daal/lib/intel64_lin/ -L/opt/intel/compilers_and_libraries_2017.4.196/linux/tbb/lib/intel64/gcc4.7/ -L/opt/intel/compilers_and_libraries_2017.4.196/linux/mkl/lib/intel64_lin/ -L/opt/intel/compilers_and_libraries_2017.4.196/linux/compiler/lib/intel64_lin/ -L/opt/intel/compilers_and_libraries_2017.4.196/linux/ipp/lib/intel64/ -L/opt/apps/gcc/5.4.0/lib/gcc/x86_64-unknown-linux-gnu/5.4.0/../../../ -L/lib64 -L/lib/ -L/usr/lib64 -L/usr/lib CMakeFiles/cmTC_cf398.dir/CMakeCXXCompilerABI.cpp.o -Bdynamic -Bstatic -limf -lsvml -lirng -Bdynamic -lstdc++ -lm -Bstatic -lipgo -ldecimal --as-needed -Bdynamic -lcilkrts --no-as-needed -lstdc++ -lgcc -lgcc_s -Bstatic -lirc -lsvml -Bdynamic -lc -lgcc -lgcc_s -Bstatic -lirc_s -Bdynamic -ldl -lc /opt/apps/gcc/5.4.0/lib/gcc/x86_64-unknown-linux-gnu/5.4.0/crtend.o /lib/../lib64/crtn.o
gmake[1]: Leaving directory `/work2/04637/mdl2665/stampede2/NEMSlite/CMakeFiles/CMakeTmp'



Parsed CXX implicit include dir info from above output: rv=done
  found start of include info
  found start of implicit include info
    add: [/opt/intel/compilers_and_libraries_2017.4.196/linux/daal/include]
    add: [/opt/intel/compilers_and_libraries_2017.4.196/linux/tbb/include]
    add: [/opt/intel/compilers_and_libraries_2017.4.196/linux/mkl/include]
    add: [/opt/intel/compilers_and_libraries_2017.4.196/linux/ipp/include]
    add: [/opt/intel/compilers_and_libraries_2017.4.196/linux/compiler/include/intel64]
    add: [/opt/intel/compilers_and_libraries_2017.4.196/linux/compiler/include/icc]
    add: [/opt/intel/compilers_and_libraries_2017.4.196/linux/compiler/include]
    add: [/opt/apps/gcc/5.4.0/include/c++/5.4.0]
    add: [/opt/apps/gcc/5.4.0/include/c++/5.4.0/x86_64-unknown-linux-gnu]
    add: [/opt/apps/gcc/5.4.0/include/c++/5.4.0/backward]
    add: [/usr/local/include]
    add: [/opt/apps/gcc/5.4.0/lib/gcc/x86_64-unknown-linux-gnu/5.4.0/include]
    add: [/opt/apps/gcc/5.4.0/lib/gcc/x86_64-unknown-linux-gnu/5.4.0/include-fixed]
    add: [/opt/apps/gcc/5.4.0/include/]
    add: [/usr/include]
  end of search list found
  collapse include dir [/opt/intel/compilers_and_libraries_2017.4.196/linux/daal/include] ==> [/opt/intel/compilers_and_libraries_2017.4.196/linux/daal/include]
  collapse include dir [/opt/intel/compilers_and_libraries_2017.4.196/linux/tbb/include] ==> [/opt/intel/compilers_and_libraries_2017.4.196/linux/tbb/include]
  collapse include dir [/opt/intel/compilers_and_libraries_2017.4.196/linux/mkl/include] ==> [/opt/intel/compilers_and_libraries_2017.4.196/linux/mkl/include]
  collapse include dir [/opt/intel/compilers_and_libraries_2017.4.196/linux/ipp/include] ==> [/opt/intel/compilers_and_libraries_2017.4.196/linux/ipp/include]
  collapse include dir [/opt/intel/compilers_and_libraries_2017.4.196/linux/compiler/include/intel64] ==> [/opt/intel/compilers_and_libraries_2017.4.196/linux/compiler/include/intel64]
  collapse include dir [/opt/intel/compilers_and_libraries_2017.4.196/linux/compiler/include/icc] ==> [/opt/intel/compilers_and_libraries_2017.4.196/linux/compiler/include/icc]
  collapse include dir [/opt/intel/compilers_and_libraries_2017.4.196/linux/compiler/include] ==> [/opt/intel/compilers_and_libraries_2017.4.196/linux/compiler/include]
  collapse include dir [/opt/apps/gcc/5.4.0/include/c++/5.4.0] ==> [/opt/apps/gcc/5.4.0/include/c++/5.4.0]
  collapse include dir [/opt/apps/gcc/5.4.0/include/c++/5.4.0/x86_64-unknown-linux-gnu] ==> [/opt/apps/gcc/5.4.0/include/c++/5.4.0/x86_64-unknown-linux-gnu]
  collapse include dir [/opt/apps/gcc/5.4.0/include/c++/5.4.0/backward] ==> [/opt/apps/gcc/5.4.0/include/c++/5.4.0/backward]
  collapse include dir [/usr/local/include] ==> [/usr/local/include]
  collapse include dir [/opt/apps/gcc/5.4.0/lib/gcc/x86_64-unknown-linux-gnu/5.4.0/include] ==> [/opt/apps/gcc/5.4.0/lib/gcc/x86_64-unknown-linux-gnu/5.4.0/include]
  collapse include dir [/opt/apps/gcc/5.4.0/lib/gcc/x86_64-unknown-linux-gnu/5.4.0/include-fixed] ==> [/opt/apps/gcc/5.4.0/lib/gcc/x86_64-unknown-linux-gnu/5.4.0/include-fixed]
  collapse include dir [/opt/apps/gcc/5.4.0/include/] ==> [/opt/apps/gcc/5.4.0/include]
  collapse include dir [/usr/include] ==> [/usr/include]
  implicit include dirs: [/opt/intel/compilers_and_libraries_2017.4.196/linux/daal/include;/opt/intel/compilers_and_libraries_2017.4.196/linux/tbb/include;/opt/intel/compilers_and_libraries_2017.4.196/linux/mkl/include;/opt/intel/compilers_and_libraries_2017.4.196/linux/ipp/include;/opt/intel/compilers_and_libraries_2017.4.196/linux/compiler/include/intel64;/opt/intel/compilers_and_libraries_2017.4.196/linux/compiler/include/icc;/opt/intel/compilers_and_libraries_2017.4.196/linux/compiler/include;/opt/apps/gcc/5.4.0/include/c++/5.4.0;/opt/apps/gcc/5.4.0/include/c++/5.4.0/x86_64-unknown-linux-gnu;/opt/apps/gcc/5.4.0/include/c++/5.4.0/backward;/usr/local/include;/opt/apps/gcc/5.4.0/lib/gcc/x86_64-unknown-linux-gnu/5.4.0/include;/opt/apps/gcc/5.4.0/lib/gcc/x86_64-unknown-linux-gnu/5.4.0/include-fixed;/opt/apps/gcc/5.4.0/include;/usr/include]


Parsed CXX implicit link information from above output:
  link line regex: [^( *|.*[/\])(ld|CMAKE_LINK_STARTFILE-NOTFOUND|([^/\]+-)?ld|collect2)[^/\]*( |$)]
  ignore line: [Change Dir: /work2/04637/mdl2665/stampede2/NEMSlite/CMakeFiles/CMakeTmp]
  ignore line: []
  ignore line: [Run Build Command(s):/bin/gmake cmTC_cf398/fast && /bin/gmake -f CMakeFiles/cmTC_cf398.dir/build.make CMakeFiles/cmTC_cf398.dir/build]
  ignore line: [gmake[1]: Entering directory `/work2/04637/mdl2665/stampede2/NEMSlite/CMakeFiles/CMakeTmp']
  ignore line: [Building CXX object CMakeFiles/cmTC_cf398.dir/CMakeCXXCompilerABI.cpp.o]
  ignore line: [/opt/intel/compilers_and_libraries_2017.4.196/linux/bin/intel64/icpc    -v -o CMakeFiles/cmTC_cf398.dir/CMakeCXXCompilerABI.cpp.o -c /opt/apps/cmake/3.16.1/share/cmake-3.16/Modules/CMakeCXXCompilerABI.cpp]
  ignore line: [icpc version 17.0.4 (gcc version 5.4.0 compatibility)]
  ignore line: [/opt/intel/compilers_and_libraries_2017.4.196/linux/bin/intel64/mcpcom    --target_efi2 --lang=c++ -_g -mP3OPT_inline_alloca -D__ICC=1700 -D__INTEL_COMPILER=1700 -D__INTEL_COMPILER_UPDATE=4 -D__PTRDIFF_TYPE__=long "-D__SIZE_TYPE__=unsigned long" -D__WCHAR_TYPE__=int "-D__WINT_TYPE__=unsigned int" "-D__INTMAX_TYPE__=long int" "-D__UINTMAX_TYPE__=long unsigned int" -D__GLIBCXX_TYPE_INT_N_0=__int128 -D__GLIBCXX_BITSIZE_INT_N_0=128 -D__LONG_MAX__=9223372036854775807L -D__QMSPP_ -D__OPTIMIZE__ -D__NO_MATH_INLINES -D__NO_STRING_INLINES -D__GNUC_GNU_INLINE__ -D__GNUG__=5 -D__GNUC__=5 -D__GNUC_MINOR__=4 -D__GNUC_PATCHLEVEL__=0 -D__LP64__ -D_LP64 -D_GNU_SOURCE=1 -D__DEPRECATED=1 -D__GXX_WEAK__=1 -D__GXX_ABI_VERSION=1009 "-D__USER_LABEL_PREFIX__= " -D__REGISTER_PREFIX__= -D__INTEL_RTTI__ -D__EXCEPTIONS=1 -D__unix__ -D__unix -D__linux__ -D__linux -D__gnu_linux__ -B -Dunix -Dlinux "-_Asystem(unix)" -D__ELF__ -D__x86_64 -D__x86_64__ -D__amd64 -D__amd64__ "-_Acpu(x86_64)" "-_Amachine(x86_64)" -D__INTEL_COMPILER_BUILD_DATE=20170411 -D__INTEL_OFFLOAD -D__i686 -D__i686__ -D__pentiumpro -D__pentiumpro__ -D__pentium4 -D__pentium4__ -D__tune_pentium4__ -D__SSE2__ -D__SSE2_MATH__ -D__SSE__ -D__SSE_MATH__ -D__MMX__ -_k -_8 -_l --has_new_stdarg_support -_a -_b --gnu_version=50400 -_W5 --gcc-extern-inline -p --bool -tused -x --multibyte_chars -mGLOB_diag_suppress_sys --array_section --simd --simd_func --offload_mode=1 --offload_target_names=gfx GFX mic MIC --offload_unique_string=icpc0757842198IxlXZG --bool -mGLOB_em64t=TRUE -mP1OPT_version=17.0-intel64 -mGLOB_diag_file=CMakeFiles/cmTC_cf398.dir/CMakeCXXCompilerABI.cpp.diag -mGLOB_long_size_64 -mGLOB_routine_pointer_size_64 -mP1OPT_print_version=FALSE -mCG_use_gas_got_workaround=F -mP2OPT_align_option_used=TRUE -mGLOB_gcc_version=540 "-mGLOB_options_string=-v -o CMakeFiles/cmTC_cf398.dir/CMakeCXXCompilerABI.cpp.o -c" -mGLOB_cxx_limited_range=FALSE -mCG_extend_parms=FALSE -mGLOB_compiler_bin_directory=/opt/intel/compilers_and_libraries_2017.4.196/linux/bin/intel64 -mGLOB_as_output_backup_file_name=/tmp/icpc5gPPOyas_.s -mIPOPT_activate -mIPOPT_lite -mGLOB_instruction_tuning=0x0 -mGLOB_uarch_tuning=0x0 -mGLOB_product_id_code=0x22006d8e -mCG_bnl_movbe=T -mGLOB_extended_instructions=0x8 -mP3OPT_use_mspp_call_convention -mP2OPT_subs_out_of_bound=FALSE -mP2OPT_disam_type_based_disam=2 -mP2OPT_disam_assume_ansi_c -mP2OPT_checked_disam_ansi_alias=TRUE -mGLOB_ansi_alias -mPGOPTI_value_profile_use=T -mP2OPT_il0_array_sections=TRUE -mGLOB_offload_mode=1 -mP2OPT_offload_unique_var_string=icpc0757842198IxlXZG -mP2OPT_hlo_level=2 -mP2OPT_hlo -mP2OPT_hpo_rtt_control=0 -mIPOPT_args_in_regs=0 -mP2OPT_disam_assume_nonstd_intent_in=FALSE -mGLOB_imf_mapping_library=/opt/intel/compilers_and_libraries_2017.4.196/linux/bin/intel64/libiml_attr.so -mPGOPTI_gen_threadsafe_level=0 -mIPOPT_lto_object_enabled -mIPOPT_lto_object_value=1 -mIPOPT_obj_output_file_name=CMakeFiles/cmTC_cf398.dir/CMakeCXXCompilerABI.cpp.o -mIPOPT_whole_archive_fixup_file_name=/tmp/icpcwarchTmlU0H -mGLOB_linker_version=2.26.20160125 -mGLOB_driver_tempfile_name=/tmp/icpctempfileOqHiDh -mP3OPT_asm_target=P3OPT_ASM_TARGET_GAS -mGLOB_async_unwind_tables=TRUE -mGLOB_obj_output_file=CMakeFiles/cmTC_cf398.dir/CMakeCXXCompilerABI.cpp.o -mGLOB_source_dialect=GLOB_SOURCE_DIALECT_C_PLUS_PLUS -mP1OPT_source_file_name=/opt/apps/cmake/3.16.1/share/cmake-3.16/Modules/CMakeCXXCompilerABI.cpp -mP1OPT_full_source_file_name=/opt/apps/cmake/3.16.1/share/cmake-3.16/Modules/CMakeCXXCompilerABI.cpp -mGLOB_eh_linux /opt/apps/cmake/3.16.1/share/cmake-3.16/Modules/CMakeCXXCompilerABI.cpp]
  ignore line: [#include "..." search starts here:]
  ignore line: [#include <...> search starts here:]
  ignore line: [ /opt/intel/compilers_and_libraries_2017.4.196/linux/daal/include]
  ignore line: [ /opt/intel/compilers_and_libraries_2017.4.196/linux/tbb/include]
  ignore line: [ /opt/intel/compilers_and_libraries_2017.4.196/linux/mkl/include]
  ignore line: [ /opt/intel/compilers_and_libraries_2017.4.196/linux/ipp/include]
  ignore line: [ /opt/intel/compilers_and_libraries_2017.4.196/linux/compiler/include/intel64]
  ignore line: [ /opt/intel/compilers_and_libraries_2017.4.196/linux/compiler/include/icc]
  ignore line: [ /opt/intel/compilers_and_libraries_2017.4.196/linux/compiler/include]
  ignore line: [ /opt/apps/gcc/5.4.0/include/c++/5.4.0]
  ignore line: [ /opt/apps/gcc/5.4.0/include/c++/5.4.0/x86_64-unknown-linux-gnu]
  ignore line: [ /opt/apps/gcc/5.4.0/include/c++/5.4.0/backward]
  ignore line: [ /usr/local/include]
  ignore line: [ /opt/apps/gcc/5.4.0/lib/gcc/x86_64-unknown-linux-gnu/5.4.0/include]
  ignore line: [ /opt/apps/gcc/5.4.0/lib/gcc/x86_64-unknown-linux-gnu/5.4.0/include-fixed]
  ignore line: [ /opt/apps/gcc/5.4.0/include/]
  ignore line: [ /usr/include]
  ignore line: [End of search list.]
  ignore line: [Linking CXX executable cmTC_cf398]
  ignore line: [/opt/apps/cmake/3.16.1/bin/cmake -E cmake_link_script CMakeFiles/cmTC_cf398.dir/link.txt --verbose=1]
  ignore line: [/opt/intel/compilers_and_libraries_2017.4.196/linux/bin/intel64/icpc      -v -rdynamic CMakeFiles/cmTC_cf398.dir/CMakeCXXCompilerABI.cpp.o  -o cmTC_cf398 ]
  ignore line: [icpc version 17.0.4 (gcc version 5.4.0 compatibility)]
  ignore line: [/opt/intel/compilers_and_libraries_2017.4.196/linux/bin/intel64/mcpcom    -mGLOB_em64t=TRUE -mP1OPT_version=17.0-intel64 -mGLOB_diag_file=CMakeFiles/cmTC_cf398.dir/CMakeCXXCompilerABI.cpp.diag -mGLOB_long_size_64 -mGLOB_routine_pointer_size_64 -mP1OPT_print_version=FALSE -mCG_use_gas_got_workaround=F -mP2OPT_align_option_used=TRUE -mGLOB_gcc_version=540 "-mGLOB_options_string=-v -rdynamic -o cmTC_cf398" -mGLOB_cxx_limited_range=FALSE -mCG_extend_parms=FALSE -mGLOB_compiler_bin_directory=/opt/intel/compilers_and_libraries_2017.4.196/linux/bin/intel64 -mGLOB_as_output_backup_file_name=/tmp/icpcSWARTYas_.s -mGLOB_dashboard_use_source_name -mIPOPT_activate -mGLOB_product_id_code=0x22006d8e -mP3OPT_use_mspp_call_convention -mP2OPT_subs_out_of_bound=FALSE -mP2OPT_disam_type_based_disam=2 -mP2OPT_disam_assume_ansi_c -mP2OPT_checked_disam_ansi_alias=TRUE -mGLOB_ansi_alias -mPGOPTI_value_profile_use=T -mGLOB_opt_report_use_source_name -mP2OPT_il0_array_sections=TRUE -mGLOB_offload_mode=1 -mP2OPT_offload_unique_var_string=icpc1626133592mrE3c4 -mP2OPT_hlo -mP2OPT_hpo_rtt_control=0 -mIPOPT_args_in_regs=0 -mP2OPT_disam_assume_nonstd_intent_in=FALSE -mGLOB_imf_mapping_library=/opt/intel/compilers_and_libraries_2017.4.196/linux/bin/intel64/libiml_attr.so -mPGOPTI_gen_threadsafe_level=0 -mIPOPT_link -mIPOPT_ipo_activate -mIPOPT_mo_activate -mIPOPT_source_files_list=/tmp/icpcslisTNoRGd -mIPOPT_mo_global_data -mIPOPT_link_script_file=/tmp/icpcscript4jqL5N "-mIPOPT_cmdline_link="/lib/../lib64/crt1.o" "/lib/../lib64/crti.o" "/opt/apps/gcc/5.4.0/lib/gcc/x86_64-unknown-linux-gnu/5.4.0/crtbegin.o" "-export-dynamic" "--eh-frame-hdr" "--build-id" "-dynamic-linker" "/lib64/ld-linux-x86-64.so.2" "-m" "elf_x86_64" "-o" "cmTC_cf398" "-L/opt/intel/compilers_and_libraries_2017.4.196/linux/daal/../tbb/lib/intel64_lin/gcc4.4" "-L/opt/intel/compilers_and_libraries_2017.4.196/linux/daal/lib/intel64_lin" "-L/opt/intel/compilers_and_libraries_2017.4.196/linux/tbb/lib/intel64/gcc4.7" "-L/opt/intel/compilers_and_libraries_2017.4.196/linux/mkl/lib/intel64_lin" "-L/opt/intel/compilers_and_libraries_2017.4.196/linux/compiler/lib/intel64_lin" "-L/opt/intel/compilers_and_libraries_2017.4.196/linux/ipp/lib/intel64" "-L/opt/intel/compilers_and_libraries_2017.4.196/linux/compiler/lib/intel64_lin" "-L/opt/apps/gcc/5.4.0/lib/gcc/x86_64-unknown-linux-gnu/5.4.0/" "-L/opt/apps/gcc/5.4.0/lib/gcc/x86_64-unknown-linux-gnu/5.4.0/../../../../lib64" "-L/opt/apps/gcc/5.4.0/lib/gcc/x86_64-unknown-linux-gnu/5.4.0/../../../../lib64/" "-L/lib/../lib64" "-L/lib/../lib64/" "-L/usr/lib/../lib64" "-L/usr/lib/../lib64/" "-L/opt/intel/compilers_and_libraries_2017.4.196/linux/daal/../tbb/lib/intel64_lin/gcc4.4/" "-L/opt/intel/compilers_and_libraries_2017.4.196/linux/daal/lib/intel64_lin/" "-L/opt/intel/compilers_and_libraries_2017.4.196/linux/tbb/lib/intel64/gcc4.7/" "-L/opt/intel/compilers_and_libraries_2017.4.196/linux/mkl/lib/intel64_lin/" "-L/opt/intel/compilers_and_libraries_2017.4.196/linux/compiler/lib/intel64_lin/" "-L/opt/intel/compilers_and_libraries_2017.4.196/linux/ipp/lib/intel64/" "-L/opt/apps/gcc/5.4.0/lib/gcc/x86_64-unknown-linux-gnu/5.4.0/../../../" "-L/lib64" "-L/lib/" "-L/usr/lib64" "-L/usr/lib" "CMakeFiles/cmTC_cf398.dir/CMakeCXXCompilerABI.cpp.o" "-Bdynamic" "-Bstatic" "-limf" "-lsvml" "-lirng" "-Bdynamic" "-lstdc++" "-lm" "-Bstatic" "-lipgo" "-ldecimal" "--as-needed" "-Bdynamic" "-lcilkrts" "--no-as-needed" "-lstdc++" "-lgcc" "-lgcc_s" "-Bstatic" "-lirc" "-lsvml" "-Bdynamic" "-lc" "-lgcc" "-lgcc_s" "-Bstatic" "-lirc_s" "-Bdynamic" "-ldl" "-lc" "/opt/apps/gcc/5.4.0/lib/gcc/x86_64-unknown-linux-gnu/5.4.0/crtend.o" "/lib/../lib64/crtn.o"" -mIPOPT_il_in_obj -mIPOPT_ipo_activate_warn=FALSE -mIPOPT_obj_output_file_name=/tmp/ipo_icpcLpDuhH.o -mIPOPT_whole_archive_fixup_file_name=/tmp/icpcwarchBBlFdK -mGLOB_linker_version=2.26.20160125 -mGLOB_driver_tempfile_name=/tmp/icpctempfileI1TbGk -mP3OPT_asm_target=P3OPT_ASM_TARGET_GAS -mGLOB_async_unwind_tables=TRUE -mGLOB_obj_output_file=/tmp/ipo_icpcLpDuhH.o -mGLOB_source_dialect=GLOB_SOURCE_DIALECT_NONE -mP1OPT_source_file_name=ipo_out.c CMakeFiles/cmTC_cf398.dir/CMakeCXXCompilerABI.cpp.o -mIPOPT_object_files=T -mIPOPT_assembly_files=/tmp/icpcalisf55f5R -mIPOPT_generated_tempfiles=/tmp/icpcelisQyu8ts -mIPOPT_embedded_object_base_name=/tmp/icpceobjleW2S2 -mIPOPT_cmdline_link_new_name=/tmp/icpclliswOeXhD]
  link line: [ld    /lib/../lib64/crt1.o /lib/../lib64/crti.o /opt/apps/gcc/5.4.0/lib/gcc/x86_64-unknown-linux-gnu/5.4.0/crtbegin.o -export-dynamic --eh-frame-hdr --build-id -dynamic-linker /lib64/ld-linux-x86-64.so.2 -m elf_x86_64 -o cmTC_cf398 -L/opt/intel/compilers_and_libraries_2017.4.196/linux/daal/../tbb/lib/intel64_lin/gcc4.4 -L/opt/intel/compilers_and_libraries_2017.4.196/linux/daal/lib/intel64_lin -L/opt/intel/compilers_and_libraries_2017.4.196/linux/tbb/lib/intel64/gcc4.7 -L/opt/intel/compilers_and_libraries_2017.4.196/linux/mkl/lib/intel64_lin -L/opt/intel/compilers_and_libraries_2017.4.196/linux/compiler/lib/intel64_lin -L/opt/intel/compilers_and_libraries_2017.4.196/linux/ipp/lib/intel64 -L/opt/intel/compilers_and_libraries_2017.4.196/linux/compiler/lib/intel64_lin -L/opt/apps/gcc/5.4.0/lib/gcc/x86_64-unknown-linux-gnu/5.4.0/ -L/opt/apps/gcc/5.4.0/lib/gcc/x86_64-unknown-linux-gnu/5.4.0/../../../../lib64 -L/opt/apps/gcc/5.4.0/lib/gcc/x86_64-unknown-linux-gnu/5.4.0/../../../../lib64/ -L/lib/../lib64 -L/lib/../lib64/ -L/usr/lib/../lib64 -L/usr/lib/../lib64/ -L/opt/intel/compilers_and_libraries_2017.4.196/linux/daal/../tbb/lib/intel64_lin/gcc4.4/ -L/opt/intel/compilers_and_libraries_2017.4.196/linux/daal/lib/intel64_lin/ -L/opt/intel/compilers_and_libraries_2017.4.196/linux/tbb/lib/intel64/gcc4.7/ -L/opt/intel/compilers_and_libraries_2017.4.196/linux/mkl/lib/intel64_lin/ -L/opt/intel/compilers_and_libraries_2017.4.196/linux/compiler/lib/intel64_lin/ -L/opt/intel/compilers_and_libraries_2017.4.196/linux/ipp/lib/intel64/ -L/opt/apps/gcc/5.4.0/lib/gcc/x86_64-unknown-linux-gnu/5.4.0/../../../ -L/lib64 -L/lib/ -L/usr/lib64 -L/usr/lib CMakeFiles/cmTC_cf398.dir/CMakeCXXCompilerABI.cpp.o -Bdynamic -Bstatic -limf -lsvml -lirng -Bdynamic -lstdc++ -lm -Bstatic -lipgo -ldecimal --as-needed -Bdynamic -lcilkrts --no-as-needed -lstdc++ -lgcc -lgcc_s -Bstatic -lirc -lsvml -Bdynamic -lc -lgcc -lgcc_s -Bstatic -lirc_s -Bdynamic -ldl -lc /opt/apps/gcc/5.4.0/lib/gcc/x86_64-unknown-linux-gnu/5.4.0/crtend.o /lib/../lib64/crtn.o]
    arg [ld] ==> ignore
    arg [/lib/../lib64/crt1.o] ==> ignore
    arg [/lib/../lib64/crti.o] ==> ignore
    arg [/opt/apps/gcc/5.4.0/lib/gcc/x86_64-unknown-linux-gnu/5.4.0/crtbegin.o] ==> ignore
    arg [-export-dynamic] ==> ignore
    arg [--eh-frame-hdr] ==> ignore
    arg [--build-id] ==> ignore
    arg [-dynamic-linker] ==> ignore
    arg [/lib64/ld-linux-x86-64.so.2] ==> ignore
    arg [-m] ==> ignore
    arg [elf_x86_64] ==> ignore
    arg [-o] ==> ignore
    arg [cmTC_cf398] ==> ignore
    arg [-L/opt/intel/compilers_and_libraries_2017.4.196/linux/daal/../tbb/lib/intel64_lin/gcc4.4] ==> dir [/opt/intel/compilers_and_libraries_2017.4.196/linux/daal/../tbb/lib/intel64_lin/gcc4.4]
    arg [-L/opt/intel/compilers_and_libraries_2017.4.196/linux/daal/lib/intel64_lin] ==> dir [/opt/intel/compilers_and_libraries_2017.4.196/linux/daal/lib/intel64_lin]
    arg [-L/opt/intel/compilers_and_libraries_2017.4.196/linux/tbb/lib/intel64/gcc4.7] ==> dir [/opt/intel/compilers_and_libraries_2017.4.196/linux/tbb/lib/intel64/gcc4.7]
    arg [-L/opt/intel/compilers_and_libraries_2017.4.196/linux/mkl/lib/intel64_lin] ==> dir [/opt/intel/compilers_and_libraries_2017.4.196/linux/mkl/lib/intel64_lin]
    arg [-L/opt/intel/compilers_and_libraries_2017.4.196/linux/compiler/lib/intel64_lin] ==> dir [/opt/intel/compilers_and_libraries_2017.4.196/linux/compiler/lib/intel64_lin]
    arg [-L/opt/intel/compilers_and_libraries_2017.4.196/linux/ipp/lib/intel64] ==> dir [/opt/intel/compilers_and_libraries_2017.4.196/linux/ipp/lib/intel64]
    arg [-L/opt/intel/compilers_and_libraries_2017.4.196/linux/compiler/lib/intel64_lin] ==> dir [/opt/intel/compilers_and_libraries_2017.4.196/linux/compiler/lib/intel64_lin]
    arg [-L/opt/apps/gcc/5.4.0/lib/gcc/x86_64-unknown-linux-gnu/5.4.0/] ==> dir [/opt/apps/gcc/5.4.0/lib/gcc/x86_64-unknown-linux-gnu/5.4.0/]
    arg [-L/opt/apps/gcc/5.4.0/lib/gcc/x86_64-unknown-linux-gnu/5.4.0/../../../../lib64] ==> dir [/opt/apps/gcc/5.4.0/lib/gcc/x86_64-unknown-linux-gnu/5.4.0/../../../../lib64]
    arg [-L/opt/apps/gcc/5.4.0/lib/gcc/x86_64-unknown-linux-gnu/5.4.0/../../../../lib64/] ==> dir [/opt/apps/gcc/5.4.0/lib/gcc/x86_64-unknown-linux-gnu/5.4.0/../../../../lib64/]
    arg [-L/lib/../lib64] ==> dir [/lib/../lib64]
    arg [-L/lib/../lib64/] ==> dir [/lib/../lib64/]
    arg [-L/usr/lib/../lib64] ==> dir [/usr/lib/../lib64]
    arg [-L/usr/lib/../lib64/] ==> dir [/usr/lib/../lib64/]
    arg [-L/opt/intel/compilers_and_libraries_2017.4.196/linux/daal/../tbb/lib/intel64_lin/gcc4.4/] ==> dir [/opt/intel/compilers_and_libraries_2017.4.196/linux/daal/../tbb/lib/intel64_lin/gcc4.4/]
    arg [-L/opt/intel/compilers_and_libraries_2017.4.196/linux/daal/lib/intel64_lin/] ==> dir [/opt/intel/compilers_and_libraries_2017.4.196/linux/daal/lib/intel64_lin/]
    arg [-L/opt/intel/compilers_and_libraries_2017.4.196/linux/tbb/lib/intel64/gcc4.7/] ==> dir [/opt/intel/compilers_and_libraries_2017.4.196/linux/tbb/lib/intel64/gcc4.7/]
    arg [-L/opt/intel/compilers_and_libraries_2017.4.196/linux/mkl/lib/intel64_lin/] ==> dir [/opt/intel/compilers_and_libraries_2017.4.196/linux/mkl/lib/intel64_lin/]
    arg [-L/opt/intel/compilers_and_libraries_2017.4.196/linux/compiler/lib/intel64_lin/] ==> dir [/opt/intel/compilers_and_libraries_2017.4.196/linux/compiler/lib/intel64_lin/]
    arg [-L/opt/intel/compilers_and_libraries_2017.4.196/linux/ipp/lib/intel64/] ==> dir [/opt/intel/compilers_and_libraries_2017.4.196/linux/ipp/lib/intel64/]
    arg [-L/opt/apps/gcc/5.4.0/lib/gcc/x86_64-unknown-linux-gnu/5.4.0/../../../] ==> dir [/opt/apps/gcc/5.4.0/lib/gcc/x86_64-unknown-linux-gnu/5.4.0/../../../]
    arg [-L/lib64] ==> dir [/lib64]
    arg [-L/lib/] ==> dir [/lib/]
    arg [-L/usr/lib64] ==> dir [/usr/lib64]
    arg [-L/usr/lib] ==> dir [/usr/lib]
    arg [CMakeFiles/cmTC_cf398.dir/CMakeCXXCompilerABI.cpp.o] ==> ignore
    arg [-Bdynamic] ==> ignore
    arg [-Bstatic] ==> ignore
    arg [-limf] ==> lib [imf]
    arg [-lsvml] ==> lib [svml]
    arg [-lirng] ==> lib [irng]
    arg [-Bdynamic] ==> ignore
    arg [-lstdc++] ==> lib [stdc++]
    arg [-lm] ==> lib [m]
    arg [-Bstatic] ==> ignore
    arg [-lipgo] ==> lib [ipgo]
    arg [-ldecimal] ==> lib [decimal]
    arg [--as-needed] ==> ignore
    arg [-Bdynamic] ==> ignore
    arg [-lcilkrts] ==> lib [cilkrts]
    arg [--no-as-needed] ==> ignore
    arg [-lstdc++] ==> lib [stdc++]
    arg [-lgcc] ==> lib [gcc]
    arg [-lgcc_s] ==> lib [gcc_s]
    arg [-Bstatic] ==> ignore
    arg [-lirc] ==> lib [irc]
    arg [-lsvml] ==> lib [svml]
    arg [-Bdynamic] ==> ignore
    arg [-lc] ==> lib [c]
    arg [-lgcc] ==> lib [gcc]
    arg [-lgcc_s] ==> lib [gcc_s]
    arg [-Bstatic] ==> ignore
    arg [-lirc_s] ==> lib [irc_s]
    arg [-Bdynamic] ==> ignore
    arg [-ldl] ==> lib [dl]
    arg [-lc] ==> lib [c]
    arg [/opt/apps/gcc/5.4.0/lib/gcc/x86_64-unknown-linux-gnu/5.4.0/crtend.o] ==> ignore
    arg [/lib/../lib64/crtn.o] ==> ignore
  collapse library dir [/opt/intel/compilers_and_libraries_2017.4.196/linux/daal/../tbb/lib/intel64_lin/gcc4.4] ==> [/opt/intel/compilers_and_libraries_2017.4.196/linux/tbb/lib/intel64_lin/gcc4.4]
  collapse library dir [/opt/intel/compilers_and_libraries_2017.4.196/linux/daal/lib/intel64_lin] ==> [/opt/intel/compilers_and_libraries_2017.4.196/linux/daal/lib/intel64_lin]
  collapse library dir [/opt/intel/compilers_and_libraries_2017.4.196/linux/tbb/lib/intel64/gcc4.7] ==> [/opt/intel/compilers_and_libraries_2017.4.196/linux/tbb/lib/intel64/gcc4.7]
  collapse library dir [/opt/intel/compilers_and_libraries_2017.4.196/linux/mkl/lib/intel64_lin] ==> [/opt/intel/compilers_and_libraries_2017.4.196/linux/mkl/lib/intel64_lin]
  collapse library dir [/opt/intel/compilers_and_libraries_2017.4.196/linux/compiler/lib/intel64_lin] ==> [/opt/intel/compilers_and_libraries_2017.4.196/linux/compiler/lib/intel64_lin]
  collapse library dir [/opt/intel/compilers_and_libraries_2017.4.196/linux/ipp/lib/intel64] ==> [/opt/intel/compilers_and_libraries_2017.4.196/linux/ipp/lib/intel64]
  collapse library dir [/opt/intel/compilers_and_libraries_2017.4.196/linux/compiler/lib/intel64_lin] ==> [/opt/intel/compilers_and_libraries_2017.4.196/linux/compiler/lib/intel64_lin]
  collapse library dir [/opt/apps/gcc/5.4.0/lib/gcc/x86_64-unknown-linux-gnu/5.4.0/] ==> [/opt/apps/gcc/5.4.0/lib/gcc/x86_64-unknown-linux-gnu/5.4.0]
  collapse library dir [/opt/apps/gcc/5.4.0/lib/gcc/x86_64-unknown-linux-gnu/5.4.0/../../../../lib64] ==> [/opt/apps/gcc/5.4.0/lib64]
  collapse library dir [/opt/apps/gcc/5.4.0/lib/gcc/x86_64-unknown-linux-gnu/5.4.0/../../../../lib64/] ==> [/opt/apps/gcc/5.4.0/lib64]
  collapse library dir [/lib/../lib64] ==> [/lib64]
  collapse library dir [/lib/../lib64/] ==> [/lib64]
  collapse library dir [/usr/lib/../lib64] ==> [/usr/lib64]
  collapse library dir [/usr/lib/../lib64/] ==> [/usr/lib64]
  collapse library dir [/opt/intel/compilers_and_libraries_2017.4.196/linux/daal/../tbb/lib/intel64_lin/gcc4.4/] ==> [/opt/intel/compilers_and_libraries_2017.4.196/linux/tbb/lib/intel64_lin/gcc4.4]
  collapse library dir [/opt/intel/compilers_and_libraries_2017.4.196/linux/daal/lib/intel64_lin/] ==> [/opt/intel/compilers_and_libraries_2017.4.196/linux/daal/lib/intel64_lin]
  collapse library dir [/opt/intel/compilers_and_libraries_2017.4.196/linux/tbb/lib/intel64/gcc4.7/] ==> [/opt/intel/compilers_and_libraries_2017.4.196/linux/tbb/lib/intel64/gcc4.7]
  collapse library dir [/opt/intel/compilers_and_libraries_2017.4.196/linux/mkl/lib/intel64_lin/] ==> [/opt/intel/compilers_and_libraries_2017.4.196/linux/mkl/lib/intel64_lin]
  collapse library dir [/opt/intel/compilers_and_libraries_2017.4.196/linux/compiler/lib/intel64_lin/] ==> [/opt/intel/compilers_and_libraries_2017.4.196/linux/compiler/lib/intel64_lin]
  collapse library dir [/opt/intel/compilers_and_libraries_2017.4.196/linux/ipp/lib/intel64/] ==> [/opt/intel/compilers_and_libraries_2017.4.196/linux/ipp/lib/intel64]
  collapse library dir [/opt/apps/gcc/5.4.0/lib/gcc/x86_64-unknown-linux-gnu/5.4.0/../../../] ==> [/opt/apps/gcc/5.4.0/lib]
  collapse library dir [/lib64] ==> [/lib64]
  collapse library dir [/lib/] ==> [/lib]
  collapse library dir [/usr/lib64] ==> [/usr/lib64]
  collapse library dir [/usr/lib] ==> [/usr/lib]
  implicit libs: [imf;svml;irng;stdc++;m;ipgo;decimal;cilkrts;stdc++;gcc;gcc_s;irc;svml;c;gcc;gcc_s;irc_s;dl;c]
  implicit dirs: [/opt/intel/compilers_and_libraries_2017.4.196/linux/tbb/lib/intel64_lin/gcc4.4;/opt/intel/compilers_and_libraries_2017.4.196/linux/daal/lib/intel64_lin;/opt/intel/compilers_and_libraries_2017.4.196/linux/tbb/lib/intel64/gcc4.7;/opt/intel/compilers_and_libraries_2017.4.196/linux/mkl/lib/intel64_lin;/opt/intel/compilers_and_libraries_2017.4.196/linux/compiler/lib/intel64_lin;/opt/intel/compilers_and_libraries_2017.4.196/linux/ipp/lib/intel64;/opt/apps/gcc/5.4.0/lib/gcc/x86_64-unknown-linux-gnu/5.4.0;/opt/apps/gcc/5.4.0/lib64;/lib64;/usr/lib64;/opt/apps/gcc/5.4.0/lib;/lib;/usr/lib]
  implicit fwks: []


Compiling the Fortran compiler identification source file "CMakeFortranCompilerId.F" succeeded.
Compiler: /opt/intel/compilers_and_libraries_2017.4.196/linux/bin/intel64/ifort 
Build flags: 
Id flags: -v 

The output was:
0
ifort version 17.0.4
/opt/intel/compilers_and_libraries_2017.4.196/linux/bin/intel64/fpp    -D__INTEL_COMPILER=1700 -D__INTEL_COMPILER_UPDATE=4 -D__unix__ -D__unix -D__linux__ -D__linux -D__gnu_linux__ -Dunix -Dlinux -D__ELF__ -D__x86_64 -D__x86_64__ -D__amd64 -D__amd64__ -D__INTEL_COMPILER_BUILD_DATE=20170411 -D__INTEL_OFFLOAD -D__i686 -D__i686__ -D__pentiumpro -D__pentiumpro__ -D__pentium4 -D__pentium4__ -D__tune_pentium4__ -D__SSE2__ -D__SSE2_MATH__ -D__SSE__ -D__SSE_MATH__ -D__MMX__ -I. -I/opt/intel/compilers_and_libraries_2017.4.196/linux/daal/include -I/opt/intel/compilers_and_libraries_2017.4.196/linux/tbb/include -I/opt/intel/compilers_and_libraries_2017.4.196/linux/mkl/include -I/opt/intel/compilers_and_libraries_2017.4.196/linux/ipp/include -I/opt/intel/compilers_and_libraries_2017.4.196/linux/compiler/include/intel64 -I/opt/intel/compilers_and_libraries_2017.4.196/linux/compiler/include/icc -I/opt/intel/compilers_and_libraries_2017.4.196/linux/compiler/include -I/usr/local/include -I/opt/apps/gcc/5.4.0/lib/gcc/x86_64-unknown-linux-gnu/5.4.0/include -I/opt/apps/gcc/5.4.0/lib/gcc/x86_64-unknown-linux-gnu/5.4.0/include-fixed -I/opt/apps/gcc/5.4.0/include/ -I/usr/include -fixed -4Ycpp -4Ncvf -f_com=yes -MX CMakeFortranCompilerId.F /tmp/ifortaHzA8d.i
#include "..." search starts here:
#include <...> search starts here:
 .
 /opt/intel/compilers_and_libraries_2017.4.196/linux/daal/include
 /opt/intel/compilers_and_libraries_2017.4.196/linux/tbb/include
 /opt/intel/compilers_and_libraries_2017.4.196/linux/mkl/include
 /opt/intel/compilers_and_libraries_2017.4.196/linux/ipp/include
 /opt/intel/compilers_and_libraries_2017.4.196/linux/compiler/include/intel64
 /opt/intel/compilers_and_libraries_2017.4.196/linux/compiler/include/icc
 /opt/intel/compilers_and_libraries_2017.4.196/linux/compiler/include
 /usr/local/include
 /opt/apps/gcc/5.4.0/lib/gcc/x86_64-unknown-linux-gnu/5.4.0/include
 /opt/apps/gcc/5.4.0/lib/gcc/x86_64-unknown-linux-gnu/5.4.0/include-fixed
 /opt/apps/gcc/5.4.0/include/
 /usr/include
End of search list.
/opt/intel/compilers_and_libraries_2017.4.196/linux/bin/intel64/fortcom    -D__INTEL_COMPILER=1700 -D__INTEL_COMPILER_UPDATE=4 -D__unix__ -D__unix -D__linux__ -D__linux -D__gnu_linux__ -Dunix -Dlinux -D__ELF__ -D__x86_64 -D__x86_64__ -D__amd64 -D__amd64__ -D__INTEL_COMPILER_BUILD_DATE=20170411 -D__INTEL_OFFLOAD -D__i686 -D__i686__ -D__pentiumpro -D__pentiumpro__ -D__pentium4 -D__pentium4__ -D__tune_pentium4__ -D__SSE2__ -D__SSE2_MATH__ -D__SSE__ -D__SSE_MATH__ -D__MMX__ -mGLOB_pack_sort_init_list -I. -I/opt/intel/compilers_and_libraries_2017.4.196/linux/daal/include -I/opt/intel/compilers_and_libraries_2017.4.196/linux/tbb/include -I/opt/intel/compilers_and_libraries_2017.4.196/linux/mkl/include -I/opt/intel/compilers_and_libraries_2017.4.196/linux/ipp/include -I/opt/intel/compilers_and_libraries_2017.4.196/linux/compiler/include/intel64 -I/opt/intel/compilers_and_libraries_2017.4.196/linux/compiler/include/icc -I/opt/intel/compilers_and_libraries_2017.4.196/linux/compiler/include -I/usr/local/include -I/opt/apps/gcc/5.4.0/lib/gcc/x86_64-unknown-linux-gnu/5.4.0/include -I/opt/apps/gcc/5.4.0/lib/gcc/x86_64-unknown-linux-gnu/5.4.0/include-fixed -I/opt/apps/gcc/5.4.0/include/ -I/usr/include -O2 "-reentrancy threaded" -simd -offload_host -mGLOB_em64t=TRUE -mP1OPT_version=17.0-intel64 -mGLOB_diag_file=/tmp/ifortEEmphC.diag -mGLOB_long_size_64 -mGLOB_routine_pointer_size_64 -mGLOB_source_language=GLOB_SOURCE_LANGUAGE_F90 -mP2OPT_static_promotion -mP1OPT_print_version=FALSE -mCG_use_gas_got_workaround=F -mP2OPT_align_option_used=TRUE -mGLOB_gcc_version=540 -mGLOB_options_string=-v -mGLOB_cxx_limited_range=FALSE -mCG_extend_parms=FALSE -mGLOB_compiler_bin_directory=/opt/intel/compilers_and_libraries_2017.4.196/linux/bin/intel64 -mGLOB_as_output_backup_file_name=/tmp/ifortCysJM3as_.s -mGLOB_dashboard_use_source_name -mIPOPT_activate -mIPOPT_lite -mGLOB_instruction_tuning=0x0 -mGLOB_uarch_tuning=0x0 -mGLOB_product_id_code=0x22006d8f -mCG_bnl_movbe=T -mGLOB_extended_instructions=0x8 -mP3OPT_use_mspp_call_convention -mP2OPT_subs_out_of_bound=FALSE -mP2OPT_disam_type_based_disam=2 -mGLOB_ansi_alias -mPGOPTI_value_profile_use=T -mGLOB_opt_report_use_source_name -mP2OPT_il0_array_sections=TRUE -mGLOB_offload_mode=1 -mP2OPT_offload_unique_var_string=ifort07546197414E6u2y -mP2OPT_hlo_level=2 -mP2OPT_hlo -mP2OPT_hpo_rtt_control=0 -mIPOPT_args_in_regs=0 -mP2OPT_disam_assume_nonstd_intent_in=FALSE -mGLOB_imf_mapping_library=/opt/intel/compilers_and_libraries_2017.4.196/linux/bin/intel64/libiml_attr.so -mIPOPT_single_file_compile_and_link=TRUE -mPGOPTI_gen_threadsafe_level=0 -mIPOPT_lto_object_enabled -mIPOPT_lto_object_value=1 -mIPOPT_obj_output_file_name=/tmp/ifortEEmphC.o -mIPOPT_whole_archive_fixup_file_name=/tmp/ifortwarchC8wgCh -mGLOB_linker_version=2.26.20160125 -mGLOB_driver_tempfile_name=/tmp/iforttempfilemJdwyT -mP3OPT_asm_target=P3OPT_ASM_TARGET_GAS -mGLOB_async_unwind_tables=TRUE -mGLOB_obj_output_file=/tmp/ifortEEmphC.o -mGLOB_source_dialect=GLOB_SOURCE_DIALECT_FORTRAN -mP1OPT_source_file_name=CMakeFortranCompilerId.F -mP1OPT_full_source_file_name=/work2/04637/mdl2665/stampede2/NEMSlite/CMakeFiles/3.16.1/CompilerIdFortran/CMakeFortranCompilerId.F -mP2OPT_symtab_type_copy=true /tmp/ifortaHzA8d.i
#include "..." search starts here:
#include <...> search starts here:
 .
 /opt/intel/compilers_and_libraries_2017.4.196/linux/daal/include
 /opt/intel/compilers_and_libraries_2017.4.196/linux/tbb/include
 /opt/intel/compilers_and_libraries_2017.4.196/linux/mkl/include
 /opt/intel/compilers_and_libraries_2017.4.196/linux/ipp/include
 /opt/intel/compilers_and_libraries_2017.4.196/linux/compiler/include/intel64
 /opt/intel/compilers_and_libraries_2017.4.196/linux/compiler/include/icc
 /opt/intel/compilers_and_libraries_2017.4.196/linux/compiler/include
 /usr/local/include
 /opt/apps/gcc/5.4.0/lib/gcc/x86_64-unknown-linux-gnu/5.4.0/include
 /opt/apps/gcc/5.4.0/lib/gcc/x86_64-unknown-linux-gnu/5.4.0/include-fixed
 /opt/apps/gcc/5.4.0/include/
 /usr/include
End of search list.
ld    /lib/../lib64/crt1.o /lib/../lib64/crti.o /opt/apps/gcc/5.4.0/lib/gcc/x86_64-unknown-linux-gnu/5.4.0/crtbegin.o --eh-frame-hdr --build-id -dynamic-linker /lib64/ld-linux-x86-64.so.2 -m elf_x86_64 -o a.out /opt/intel/compilers_and_libraries_2017.4.196/linux/compiler/lib/intel64_lin/for_main.o -L/opt/intel/compilers_and_libraries_2017.4.196/linux/daal/../tbb/lib/intel64_lin/gcc4.4 -L/opt/intel/compilers_and_libraries_2017.4.196/linux/daal/lib/intel64_lin -L/opt/intel/compilers_and_libraries_2017.4.196/linux/tbb/lib/intel64/gcc4.7 -L/opt/intel/compilers_and_libraries_2017.4.196/linux/mkl/lib/intel64_lin -L/opt/intel/compilers_and_libraries_2017.4.196/linux/compiler/lib/intel64_lin -L/opt/intel/compilers_and_libraries_2017.4.196/linux/ipp/lib/intel64 -L/opt/intel/compilers_and_libraries_2017.4.196/linux/compiler/lib/intel64_lin -L/opt/apps/gcc/5.4.0/lib/gcc/x86_64-unknown-linux-gnu/5.4.0/ -L/opt/apps/gcc/5.4.0/lib/gcc/x86_64-unknown-linux-gnu/5.4.0/../../../../lib64 -L/opt/apps/gcc/5.4.0/lib/gcc/x86_64-unknown-linux-gnu/5.4.0/../../../../lib64/ -L/lib/../lib64 -L/lib/../lib64/ -L/usr/lib/../lib64 -L/usr/lib/../lib64/ -L/opt/intel/compilers_and_libraries_2017.4.196/linux/daal/../tbb/lib/intel64_lin/gcc4.4/ -L/opt/intel/compilers_and_libraries_2017.4.196/linux/daal/lib/intel64_lin/ -L/opt/intel/compilers_and_libraries_2017.4.196/linux/tbb/lib/intel64/gcc4.7/ -L/opt/intel/compilers_and_libraries_2017.4.196/linux/mkl/lib/intel64_lin/ -L/opt/intel/compilers_and_libraries_2017.4.196/linux/compiler/lib/intel64_lin/ -L/opt/intel/compilers_and_libraries_2017.4.196/linux/ipp/lib/intel64/ -L/opt/apps/gcc/5.4.0/lib/gcc/x86_64-unknown-linux-gnu/5.4.0/../../../ -L/lib64 -L/lib/ -L/usr/lib64 -L/usr/lib /tmp/ifortEEmphC.o -Bdynamic -Bstatic -lifport -lifcoremt -limf -lsvml -Bdynamic -lm -Bstatic -lipgo -lirc -Bdynamic -lpthread -Bstatic -lsvml -Bdynamic -lc -lgcc -lgcc_s -Bstatic -lirc_s -Bdynamic -ldl -lc /opt/apps/gcc/5.4.0/lib/gcc/x86_64-unknown-linux-gnu/5.4.0/crtend.o /lib/../lib64/crtn.o


Compilation of the Fortran compiler identification source "CMakeFortranCompilerId.F" produced "a.out"

The Fortran compiler identification is Intel, found in "/work2/04637/mdl2665/stampede2/NEMSlite/CMakeFiles/3.16.1/CompilerIdFortran/a.out"

